 line   address	contents
    1                      ; Linked by DLX-LD.
    2                      ; MemSize 24576
    3                      ; Data size: 472
    4                      ; Text size: 5824
    5                      ; Stack size: 8192
    6  00000000          	.text 0x1000
    7  00001000          	.data 0x3000
    8                      ; Compiled by GCC
    9  00003000          	.text
   10  00001000          	.align 2
   11  00001000          	.proc _isspace
   12  00001000          	.global _isspace
   13  00001000          	_isspace:
   14                      ;  Function 'isspace'; 0 bytes of locals, 1 regs to save.
   15  00001000  afbefffc	sw	-4(r29),r30; push fp
   16  00001004  001df020	add	r30,r0,r29; fp = sp
   17  00001008  afbffff8	sw	-8(r29),r31; push ret addr
   18  0000100c  2fbd0010	subui	r29,r29,#16; alloc local storage
   19  00001010  afa20000	sw	0(r29),r2
   20  00001014  83c20003	lb	r2,3(r30)
   21  00001018  201f0000	addi	r31,r0,#0
   22  0000101c  304100ff	andi	r1,r2,#0x00ff
   23  00001020  60210020	seqi	r1,r1,#32
   24  00001024  14200018	bnez	r1,L6_LF0
   25  00001028  54000000	nop; not filled.
   26  0000102c  2041fff7	addi	r1,r2,#-9
   27  00001030  302100ff	andi	r1,r1,#0x00ff
   28  00001034  70210001	sleui	r1,r1,#1
   29  00001038  10200008	beqz	r1,L5_LF0
   30  0000103c  54000000	nop; not filled.
   31  00001040          	L6_LF0:
   32  00001040  201f0001	addi	r31,r0,#1
   33  00001044          	L5_LF0:
   34  00001044  001f0820	add	r1,r0,r31
   35  00001048  8fa20000	lw	r2,0(r29)
   36  0000104c  8fdffff8	lw	r31,-8(r30)
   37  00001050  001ee820	add	r29,r0,r30
   38  00001054  8fdefffc	lw	r30,-4(r30)
   39  00001058  4be00000	jr	r31
   40  0000105c  54000000	nop
   41  00001060          	.endproc _isspace
   42  00001060          	.align 2
   43  00001060          	.proc _isxdigit
   44  00001060          	.global _isxdigit
   45  00001060          	_isxdigit:
   46                      ;  Function 'isxdigit'; 0 bytes of locals, 1 regs to save.
   47  00001060  afbefffc	sw	-4(r29),r30; push fp
   48  00001064  001df020	add	r30,r0,r29; fp = sp
   49  00001068  afbffff8	sw	-8(r29),r31; push ret addr
   50  0000106c  2fbd0010	subui	r29,r29,#16; alloc local storage
   51  00001070  afa20000	sw	0(r29),r2
   52  00001074  83df0003	lb	r31,3(r30)
   53  00001078  20020000	addi	r2,r0,#0
   54  0000107c  23e1ffd0	addi	r1,r31,#-48
   55  00001080  302100ff	andi	r1,r1,#0x00ff
   56  00001084  70210009	sleui	r1,r1,#9
   57  00001088  14200028	bnez	r1,L12_LF0
   58  0000108c  54000000	nop; not filled.
   59  00001090  23e1ff9f	addi	r1,r31,#-97
   60  00001094  302100ff	andi	r1,r1,#0x00ff
   61  00001098  70210005	sleui	r1,r1,#5
   62  0000109c  14200014	bnez	r1,L12_LF0
   63  000010a0  54000000	nop; not filled.
   64  000010a4  33e100ff	andi	r1,r31,#0x00ff
   65  000010a8  64210041	snei	r1,r1,#65
   66  000010ac  14200008	bnez	r1,L11_LF0
   67  000010b0  54000000	nop; not filled.
   68  000010b4          	L12_LF0:
   69  000010b4  20020001	addi	r2,r0,#1
   70  000010b8          	L11_LF0:
   71  000010b8  00020820	add	r1,r0,r2
   72  000010bc  8fa20000	lw	r2,0(r29)
   73  000010c0  8fdffff8	lw	r31,-8(r30)
   74  000010c4  001ee820	add	r29,r0,r30
   75  000010c8  8fdefffc	lw	r30,-4(r30)
   76  000010cc  4be00000	jr	r31
   77  000010d0  54000000	nop
   78  000010d4          	.endproc _isxdigit
   79  000010d4          	.data
   80  00003000          	.align 2
   81  00003000          	LC0_LF0:
   82  00003000  55736167	.ascii "Usage: \000"
   82  00003004  653a2000	
   83  00003008          	.align 2
   84  00003008          	LC1_LF0:
   85  00003008  204e6565	.ascii " Need to specify number of times to inject the Molecules.\n\000"
   85  0000300c  6420746f	
   85  00003010  20737065	
   85  00003014  63696679	
   85  00003018  206e756d	
   85  0000301c  62657220	
   85  00003020  6f662074	
   85  00003024  696d6573	
   85  00003028  20746f20	
   85  0000302c  696e6a65	
   85  00003030  63742074	
   85  00003034  6865204d	
   85  00003038  6f6c6563	
   85  0000303c  756c6573	
   85  00003040  2e0a00  	
   86  00003043          	.align 2
   87  00003044          	LC2_LF0:
   88  00003044  4572726f	.ascii "Error Opening sulfur_two mailbox.\n\000"
   88  00003048  72204f70	
   88  0000304c  656e696e	
   88  00003050  67207375	
   88  00003054  6c667572	
   88  00003058  5f74776f	
   88  0000305c  206d6169	
   88  00003060  6c626f78	
   88  00003064  2e0a00  	
   89  00003067          	.align 2
   90  00003068          	LC3_LF0:
   91  00003068  4572726f	.ascii "Error Opening carbon_oxy mailbox.\n\000"
   91  0000306c  72204f70	
   91  00003070  656e696e	
   91  00003074  67206361	
   91  00003078  72626f6e	
   91  0000307c  5f6f7879	
   91  00003080  206d6169	
   91  00003084  6c626f78	
   91  00003088  2e0a00  	
   92  0000308b          	.align 2
   93  0000308c          	LC4_LF0:
   94  0000308c  4572726f	.ascii "Error Opening sulfur mailbox.\n\000"
   94  00003090  72204f70	
   94  00003094  656e696e	
   94  00003098  67207375	
   94  0000309c  6c667572	
   94  000030a0  206d6169	
   94  000030a4  6c626f78	
   94  000030a8  2e0a00  	
   95  000030ab          	.align 2
   96  000030ac          	LC5_LF0:
   97  000030ac  4572726f	.ascii "Error Opening oxy_two mailbox.\n\000"
   97  000030b0  72204f70	
   97  000030b4  656e696e	
   97  000030b8  67206f78	
   97  000030bc  795f7477	
   97  000030c0  6f206d61	
   97  000030c4  696c626f	
   97  000030c8  782e0a00	
   98  000030cc          	.align 2
   99  000030cc          	LC6_LF0:
  100  000030cc  4572726f	.ascii "Error Opening carbon_two mailbox.\n\000"
  100  000030d0  72204f70	
  100  000030d4  656e696e	
  100  000030d8  67206361	
  100  000030dc  72626f6e	
  100  000030e0  5f74776f	
  100  000030e4  206d6169	
  100  000030e8  6c626f78	
  100  000030ec  2e0a00  	
  101  000030ef          	.align 2
  102  000030f0          	LC7_LF0:
  103  000030f0  42616420	.ascii "Bad sem_create in \000"
  103  000030f4  73656d5f	
  103  000030f8  63726561	
  103  000030fc  74652069	
  103  00003100  6e2000  	
  104  00003103          	.align 2
  105  00003104          	LC8_LF0:
  106  00003104  0a00    	.ascii "\n\000"
  107  00003106          	.align 2
  108  00003108          	LC9_LF0:
  109  00003108  7332696e	.ascii "s2inject.dlx.obj\000"
  109  0000310c  6a656374	
  109  00003110  2e646c78	
  109  00003114  2e6f626a	
  109  00003118  00      	
  110  00003119          	.align 2
  111  0000311c          	LC10_LF0:
  112  0000311c  636f696e	.ascii "coinject.dlx.obj\000"
  112  00003120  6a656374	
  112  00003124  2e646c78	
  112  00003128  2e6f626a	
  112  0000312c  00      	
  113  0000312d          	.align 2
  114  00003130          	LC11_LF0:
  115  00003130  65717561	.ascii "equation1.dlx.obj\000"
  115  00003134  74696f6e	
  115  00003138  312e646c	
  115  0000313c  782e6f62	
  115  00003140  6a00    	
  116  00003142          	.align 2
  117  00003144          	LC12_LF0:
  118  00003144  65717561	.ascii "equation2.dlx.obj\000"
  118  00003148  74696f6e	
  118  0000314c  322e646c	
  118  00003150  782e6f62	
  118  00003154  6a00    	
  119  00003156          	.align 2
  120  00003158          	LC13_LF0:
  121  00003158  65717561	.ascii "equation3.dlx.obj\000"
  121  0000315c  74696f6e	
  121  00003160  332e646c	
  121  00003164  782e6f62	
  121  00003168  6a00    	
  122  0000316a          	.align 2
  123  0000316c          	LC14_LF0:
  124  0000316c  42616420	.ascii "Bad semaphore s_procs_completed (%d) in \000"
  124  00003170  73656d61	
  124  00003174  70686f72	
  124  00003178  6520735f	
  124  0000317c  70726f63	
  124  00003180  735f636f	
  124  00003184  6d706c65	
  124  00003188  74656420	
  124  0000318c  28256429	
  124  00003190  20696e20	
  124  00003194  00      	
  125  00003195          	.align 2
  126  00003198          	LC15_LF0:
  127  00003198  25642053	.ascii "%d S leftover, %d O2 Leftover, %d C2 leftover, %d SO4 Created.\n\000"
  127  0000319c  206c6566	
  127  000031a0  746f7665	
  127  000031a4  722c2025	
  127  000031a8  64204f32	
  127  000031ac  204c6566	
  127  000031b0  746f7665	
  127  000031b4  722c2025	
  127  000031b8  64204332	
  127  000031bc  206c6566	
  127  000031c0  746f7665	
  127  000031c4  722c2025	
  127  000031c8  6420534f	
  127  000031cc  34204372	
  127  000031d0  65617465	
  127  000031d4  642e0a00	
  128  000031d8          	.text
  129  000010d4          	.align 2
  130  000010d4          	.proc _main
  131  000010d4          	.global _main
  132  000010d4          	_main:
  133                      ;  Function 'main'; 96 bytes of locals, 0 regs to save.
  134  000010d4  afbefffc	sw	-4(r29),r30; push fp
  135  000010d8  001df020	add	r30,r0,r29; fp = sp
  136  000010dc  afbffff8	sw	-8(r29),r31; push ret addr
  137  000010e0  2fbd0068	subui	r29,r29,#104; alloc local storage
  138  000010e4  8fc20000	lw	r2,(r30)
  139  000010e8  8fd30004	lw	r19,4(r30)
  140  000010ec  0c0015c8	jal	___main
  141  000010f0  54000000	nop; not filled.
  142  000010f4  0c0007c4	jal	_mbox_create
  143  000010f8  54000000	nop; not filled.
  144  000010fc  00017020	add	r14,r0,r1
  145  00001100  0c0007b8	jal	_mbox_create
  146  00001104  54000000	nop; not filled.
  147  00001108  00017820	add	r15,r0,r1
  148  0000110c  0c0007ac	jal	_mbox_create
  149  00001110  54000000	nop; not filled.
  150  00001114  00018020	add	r16,r0,r1
  151  00001118  0c0007a0	jal	_mbox_create
  152  0000111c  54000000	nop; not filled.
  153  00001120  00018820	add	r17,r0,r1
  154  00001124  0c000794	jal	_mbox_create
  155  00001128  54000000	nop; not filled.
  156  0000112c  00019020	add	r18,r0,r1
  157  00001130  64410003	snei	r1,r2,#3
  158  00001134  1020004c	beqz	r1,L14_LF0
  159  00001138  54000000	nop; not filled.
  160  0000113c  23bdfff8	addi	r29,r29,#-8
  161  00001140  3c140000	lhi	r20,((LC0_LF0)>>16)&0xffff
  162  00001144  26943000	addui	r20,r20,(LC0_LF0)&0xffff
  163  00001148  afb40000	sw	(r29),r20
  164  0000114c  0c0006b8	jal	_Printf
  165  00001150  54000000	nop; not filled.
  166  00001154  8e740000	lw	r20,(r19)
  167  00001158  afb40000	sw	(r29),r20
  168  0000115c  0c0006a8	jal	_Printf
  169  00001160  54000000	nop; not filled.
  170  00001164  3c140000	lhi	r20,((LC1_LF0)>>16)&0xffff
  171  00001168  26943008	addui	r20,r20,(LC1_LF0)&0xffff
  172  0000116c  afb40000	sw	(r29),r20
  173  00001170  0c000694	jal	_Printf
  174  00001174  54000000	nop; not filled.
  175  00001178  0c000794	jal	_Exit
  176  0000117c  54000000	nop; not filled.
  177  00001180  23bd0008	addi	r29,r29,#8
  178  00001184          	L14_LF0:
  179  00001184  23bdfff0	addi	r29,r29,#-16
  180  00001188  8e740004	lw	r20,4(r19)
  181  0000118c  afb40000	sw	(r29),r20
  182  00001190  20140000	addi	r20,r0,#0
  183  00001194  afb40004	sw	4(r29),r20
  184  00001198  2014000a	addi	r20,r0,#10
  185  0000119c  afb40008	sw	8(r29),r20
  186  000011a0  0c001018	jal	_dstrtol
  187  000011a4  54000000	nop; not filled.
  188  000011a8  00016820	add	r13,r0,r1
  189  000011ac  8e740008	lw	r20,8(r19)
  190  000011b0  afb40000	sw	(r29),r20
  191  000011b4  20140000	addi	r20,r0,#0
  192  000011b8  afb40004	sw	4(r29),r20
  193  000011bc  2014000a	addi	r20,r0,#10
  194  000011c0  afb40008	sw	8(r29),r20
  195  000011c4  0c000ff4	jal	_dstrtol
  196  000011c8  54000000	nop; not filled.
  197  000011cc  00015820	add	r11,r0,r1
  198  000011d0  000d6020	add	r12,r0,r13
  199  000011d4  000b1020	add	r2,r0,r11
  200  000011d8  75610000	sgei	r1,r11,#0
  201  000011dc  14200008	bnez	r1,L15_LF0
  202  000011e0  54000000	nop; not filled.
  203  000011e4  21620003	addi	r2,r11,#3
  204  000011e8          	L15_LF0:
  205  000011e8  5c490002	srai	r9,r2,#0x2
  206  000011ec  51820001	slli	r2,r12,#0x1
  207  000011f0  23bd0010	addi	r29,r29,#16
  208  000011f4  0122082b	sgt	r1,r9,r2
  209  000011f8  00094020	add	r8,r0,r9
  210  000011fc  10200008	beqz	r1,L16_LF0
  211  00001200  54000000	nop; not filled.
  212  00001204  00024020	add	r8,r0,r2
  213  00001208          	L16_LF0:
  214  00001208  01890820	add	r1,r12,r9
  215  0000120c  00280820	add	r1,r1,r8
  216  00001210  002c0820	add	r1,r1,r12
  217  00001214  002b1020	add	r2,r1,r11
  218  00001218  23bdfff8	addi	r29,r29,#-8
  219  0000121c  afae0000	sw	(r29),r14
  220  00001220  0c0006a4	jal	_mbox_open
  221  00001224  54000000	nop; not filled.
  222  00001228  23bd0008	addi	r29,r29,#8
  223  0000122c  64210000	snei	r1,r1,#0
  224  00001230  14200028	bnez	r1,L18_LF0
  225  00001234  54000000	nop; not filled.
  226  00001238  23bdfff8	addi	r29,r29,#-8
  227  0000123c  3c140000	lhi	r20,((LC2_LF0)>>16)&0xffff
  228  00001240  26943044	addui	r20,r20,(LC2_LF0)&0xffff
  229  00001244  afb40000	sw	(r29),r20
  230  00001248  0c0005bc	jal	_Printf
  231  0000124c  54000000	nop; not filled.
  232  00001250  0c0006bc	jal	_Exit
  233  00001254  54000000	nop; not filled.
  234  00001258  23bd0008	addi	r29,r29,#8
  235  0000125c          	L18_LF0:
  236  0000125c  23bdfff8	addi	r29,r29,#-8
  237  00001260  afaf0000	sw	(r29),r15
  238  00001264  0c000660	jal	_mbox_open
  239  00001268  54000000	nop; not filled.
  240  0000126c  23bd0008	addi	r29,r29,#8
  241  00001270  64210000	snei	r1,r1,#0
  242  00001274  14200028	bnez	r1,L19_LF0
  243  00001278  54000000	nop; not filled.
  244  0000127c  23bdfff8	addi	r29,r29,#-8
  245  00001280  3c140000	lhi	r20,((LC3_LF0)>>16)&0xffff
  246  00001284  26943068	addui	r20,r20,(LC3_LF0)&0xffff
  247  00001288  afb40000	sw	(r29),r20
  248  0000128c  0c000578	jal	_Printf
  249  00001290  54000000	nop; not filled.
  250  00001294  0c000678	jal	_Exit
  251  00001298  54000000	nop; not filled.
  252  0000129c  23bd0008	addi	r29,r29,#8
  253  000012a0          	L19_LF0:
  254  000012a0  23bdfff8	addi	r29,r29,#-8
  255  000012a4  afb00000	sw	(r29),r16
  256  000012a8  0c00061c	jal	_mbox_open
  257  000012ac  54000000	nop; not filled.
  258  000012b0  23bd0008	addi	r29,r29,#8
  259  000012b4  64210000	snei	r1,r1,#0
  260  000012b8  14200028	bnez	r1,L20_LF0
  261  000012bc  54000000	nop; not filled.
  262  000012c0  23bdfff8	addi	r29,r29,#-8
  263  000012c4  3c140000	lhi	r20,((LC4_LF0)>>16)&0xffff
  264  000012c8  2694308c	addui	r20,r20,(LC4_LF0)&0xffff
  265  000012cc  afb40000	sw	(r29),r20
  266  000012d0  0c000534	jal	_Printf
  267  000012d4  54000000	nop; not filled.
  268  000012d8  0c000634	jal	_Exit
  269  000012dc  54000000	nop; not filled.
  270  000012e0  23bd0008	addi	r29,r29,#8
  271  000012e4          	L20_LF0:
  272  000012e4  23bdfff8	addi	r29,r29,#-8
  273  000012e8  afb10000	sw	(r29),r17
  274  000012ec  0c0005d8	jal	_mbox_open
  275  000012f0  54000000	nop; not filled.
  276  000012f4  23bd0008	addi	r29,r29,#8
  277  000012f8  64210000	snei	r1,r1,#0
  278  000012fc  14200028	bnez	r1,L21_LF0
  279  00001300  54000000	nop; not filled.
  280  00001304  23bdfff8	addi	r29,r29,#-8
  281  00001308  3c140000	lhi	r20,((LC5_LF0)>>16)&0xffff
  282  0000130c  269430ac	addui	r20,r20,(LC5_LF0)&0xffff
  283  00001310  afb40000	sw	(r29),r20
  284  00001314  0c0004f0	jal	_Printf
  285  00001318  54000000	nop; not filled.
  286  0000131c  0c0005f0	jal	_Exit
  287  00001320  54000000	nop; not filled.
  288  00001324  23bd0008	addi	r29,r29,#8
  289  00001328          	L21_LF0:
  290  00001328  23bdfff8	addi	r29,r29,#-8
  291  0000132c  afb20000	sw	(r29),r18
  292  00001330  0c000594	jal	_mbox_open
  293  00001334  54000000	nop; not filled.
  294  00001338  23bd0008	addi	r29,r29,#8
  295  0000133c  64210000	snei	r1,r1,#0
  296  00001340  14200028	bnez	r1,L22_LF0
  297  00001344  54000000	nop; not filled.
  298  00001348  23bdfff8	addi	r29,r29,#-8
  299  0000134c  3c140000	lhi	r20,((LC6_LF0)>>16)&0xffff
  300  00001350  269430cc	addui	r20,r20,(LC6_LF0)&0xffff
  301  00001354  afb40000	sw	(r29),r20
  302  00001358  0c0004ac	jal	_Printf
  303  0000135c  54000000	nop; not filled.
  304  00001360  0c0005ac	jal	_Exit
  305  00001364  54000000	nop; not filled.
  306  00001368  23bd0008	addi	r29,r29,#8
  307  0000136c          	L22_LF0:
  308  0000136c  23bdfff8	addi	r29,r29,#-8
  309  00001370  20010001	addi	r1,r0,#1
  310  00001374  00220822	sub	r1,r1,r2
  311  00001378  afa10000	sw	(r29),r1
  312  0000137c  0c0004c4	jal	_sem_create
  313  00001380  54000000	nop; not filled.
  314  00001384  00015020	add	r10,r0,r1
  315  00001388  23bd0008	addi	r29,r29,#8
  316  0000138c  6141ffff	seqi	r1,r10,#-1
  317  00001390  1020004c	beqz	r1,L23_LF0
  318  00001394  54000000	nop; not filled.
  319  00001398  23bdfff8	addi	r29,r29,#-8
  320  0000139c  3c140000	lhi	r20,((LC7_LF0)>>16)&0xffff
  321  000013a0  269430f0	addui	r20,r20,(LC7_LF0)&0xffff
  322  000013a4  afb40000	sw	(r29),r20
  323  000013a8  0c00045c	jal	_Printf
  324  000013ac  54000000	nop; not filled.
  325  000013b0  8e740000	lw	r20,(r19)
  326  000013b4  afb40000	sw	(r29),r20
  327  000013b8  0c00044c	jal	_Printf
  328  000013bc  54000000	nop; not filled.
  329  000013c0  3c140000	lhi	r20,((LC8_LF0)>>16)&0xffff
  330  000013c4  26943104	addui	r20,r20,(LC8_LF0)&0xffff
  331  000013c8  afb40000	sw	(r29),r20
  332  000013cc  0c000438	jal	_Printf
  333  000013d0  54000000	nop; not filled.
  334  000013d4  0c000538	jal	_Exit
  335  000013d8  54000000	nop; not filled.
  336  000013dc  23bd0008	addi	r29,r29,#8
  337  000013e0          	L23_LF0:
  338  000013e0  23bdfff8	addi	r29,r29,#-8
  339  000013e4  afaa0000	sw	(r29),r10
  340  000013e8  23c6ff98	addi	r6,r30,#-104
  341  000013ec  afa60004	sw	4(r29),r6
  342  000013f0  0c000c3c	jal	_ditoa
  343  000013f4  54000000	nop; not filled.
  344  000013f8  afae0000	sw	(r29),r14
  345  000013fc  23c5ffe8	addi	r5,r30,#-24
  346  00001400  afa50004	sw	4(r29),r5
  347  00001404  0c000c28	jal	_ditoa
  348  00001408  54000000	nop; not filled.
  349  0000140c  afaf0000	sw	(r29),r15
  350  00001410  23c4ffd8	addi	r4,r30,#-40
  351  00001414  afa40004	sw	4(r29),r4
  352  00001418  0c000c14	jal	_ditoa
  353  0000141c  54000000	nop; not filled.
  354  00001420  afb00000	sw	(r29),r16
  355  00001424  23c3ffc8	addi	r3,r30,#-56
  356  00001428  afa30004	sw	4(r29),r3
  357  0000142c  0c000c00	jal	_ditoa
  358  00001430  54000000	nop; not filled.
  359  00001434  afb10000	sw	(r29),r17
  360  00001438  23c2ffb8	addi	r2,r30,#-72
  361  0000143c  afa20004	sw	4(r29),r2
  362  00001440  0c000bec	jal	_ditoa
  363  00001444  54000000	nop; not filled.
  364  00001448  afb20000	sw	(r29),r18
  365  0000144c  23c1ffa8	addi	r1,r30,#-88
  366  00001450  afa10004	sw	4(r29),r1
  367  00001454  0c000bd8	jal	_ditoa
  368  00001458  54000000	nop; not filled.
  369  0000145c  20070000	addi	r7,r0,#0
  370  00001460  23bd0008	addi	r29,r29,#8
  371  00001464          	L27_LF0:
  372  00001464  00ed082a	slt	r1,r7,r13
  373  00001468  10200038	beqz	r1,L28_LF0
  374  0000146c  54000000	nop; not filled.
  375  00001470  23bdffe8	addi	r29,r29,#-24
  376  00001474  3c140000	lhi	r20,((LC9_LF0)>>16)&0xffff
  377  00001478  26943108	addui	r20,r20,(LC9_LF0)&0xffff
  378  0000147c  afb40000	sw	(r29),r20
  379  00001480  20140000	addi	r20,r0,#0
  380  00001484  afb40004	sw	4(r29),r20
  381  00001488  afb40008	sw	8(r29),r20
  382  0000148c  afa6000c	sw	12(r29),r6
  383  00001490  afa50010	sw	16(r29),r5
  384  00001494  afb40014	sw	20(r29),r20
  385  00001498  0c000384	jal	_process_create
  386  0000149c  54000000	nop; not filled.
  387  000014a0  23bd0018	addi	r29,r29,#24
  388  000014a4          	L28_LF0:
  389  000014a4  00eb082a	slt	r1,r7,r11
  390  000014a8  10200038	beqz	r1,L29_LF0
  391  000014ac  54000000	nop; not filled.
  392  000014b0  23bdffe8	addi	r29,r29,#-24
  393  000014b4  3c140000	lhi	r20,((LC10_LF0)>>16)&0xffff
  394  000014b8  2694311c	addui	r20,r20,(LC10_LF0)&0xffff
  395  000014bc  afb40000	sw	(r29),r20
  396  000014c0  20140000	addi	r20,r0,#0
  397  000014c4  afb40004	sw	4(r29),r20
  398  000014c8  afb40008	sw	8(r29),r20
  399  000014cc  afa6000c	sw	12(r29),r6
  400  000014d0  afa40010	sw	16(r29),r4
  401  000014d4  afb40014	sw	20(r29),r20
  402  000014d8  0c000344	jal	_process_create
  403  000014dc  54000000	nop; not filled.
  404  000014e0  23bd0018	addi	r29,r29,#24
  405  000014e4          	L29_LF0:
  406  000014e4  00ec082a	slt	r1,r7,r12
  407  000014e8  1020003c	beqz	r1,L30_LF0
  408  000014ec  54000000	nop; not filled.
  409  000014f0  23bdffe0	addi	r29,r29,#-32
  410  000014f4  3c140000	lhi	r20,((LC11_LF0)>>16)&0xffff
  411  000014f8  26943130	addui	r20,r20,(LC11_LF0)&0xffff
  412  000014fc  afb40000	sw	(r29),r20
  413  00001500  20140000	addi	r20,r0,#0
  414  00001504  afb40004	sw	4(r29),r20
  415  00001508  afb40008	sw	8(r29),r20
  416  0000150c  afa6000c	sw	12(r29),r6
  417  00001510  afa50010	sw	16(r29),r5
  418  00001514  afa30014	sw	20(r29),r3
  419  00001518  afb40018	sw	24(r29),r20
  420  0000151c  0c000300	jal	_process_create
  421  00001520  54000000	nop; not filled.
  422  00001524  23bd0020	addi	r29,r29,#32
  423  00001528          	L30_LF0:
  424  00001528  00e9082a	slt	r1,r7,r9
  425  0000152c  1020003c	beqz	r1,L31_LF0
  426  00001530  54000000	nop; not filled.
  427  00001534  23bdffe0	addi	r29,r29,#-32
  428  00001538  3c140000	lhi	r20,((LC12_LF0)>>16)&0xffff
  429  0000153c  26943144	addui	r20,r20,(LC12_LF0)&0xffff
  430  00001540  afb40000	sw	(r29),r20
  431  00001544  20140000	addi	r20,r0,#0
  432  00001548  afb40004	sw	4(r29),r20
  433  0000154c  afb40008	sw	8(r29),r20
  434  00001550  afa6000c	sw	12(r29),r6
  435  00001554  afa40010	sw	16(r29),r4
  436  00001558  afa20014	sw	20(r29),r2
  437  0000155c  afb40018	sw	24(r29),r20
  438  00001560  0c0002bc	jal	_process_create
  439  00001564  54000000	nop; not filled.
  440  00001568  23bd0020	addi	r29,r29,#32
  441  0000156c          	L31_LF0:
  442  0000156c  00e8082a	slt	r1,r7,r8
  443  00001570  1020003c	beqz	r1,L26_LF0
  444  00001574  54000000	nop; not filled.
  445  00001578  23bdffe0	addi	r29,r29,#-32
  446  0000157c  3c140000	lhi	r20,((LC13_LF0)>>16)&0xffff
  447  00001580  26943158	addui	r20,r20,(LC13_LF0)&0xffff
  448  00001584  afb40000	sw	(r29),r20
  449  00001588  20140000	addi	r20,r0,#0
  450  0000158c  afb40004	sw	4(r29),r20
  451  00001590  afb40008	sw	8(r29),r20
  452  00001594  afa6000c	sw	12(r29),r6
  453  00001598  afa30010	sw	16(r29),r3
  454  0000159c  afa20014	sw	20(r29),r2
  455  000015a0  afb40018	sw	24(r29),r20
  456  000015a4  0c000278	jal	_process_create
  457  000015a8  54000000	nop; not filled.
  458  000015ac  23bd0020	addi	r29,r29,#32
  459  000015b0          	L26_LF0:
  460  000015b0  20e70001	addi	r7,r7,#1
  461  000015b4  70e10009	slei	r1,r7,#9
  462  000015b8  1420fea8	bnez	r1,L27_LF0
  463  000015bc  54000000	nop; not filled.
  464  000015c0  23bdfff8	addi	r29,r29,#-8
  465  000015c4  afaa0000	sw	(r29),r10
  466  000015c8  0c000284	jal	_sem_wait
  467  000015cc  54000000	nop; not filled.
  468  000015d0  23bd0008	addi	r29,r29,#8
  469  000015d4  64210001	snei	r1,r1,#1
  470  000015d8  10200050	beqz	r1,L34_LF0
  471  000015dc  54000000	nop; not filled.
  472  000015e0  23bdfff8	addi	r29,r29,#-8
  473  000015e4  3c140000	lhi	r20,((LC14_LF0)>>16)&0xffff
  474  000015e8  2694316c	addui	r20,r20,(LC14_LF0)&0xffff
  475  000015ec  afb40000	sw	(r29),r20
  476  000015f0  afaa0004	sw	4(r29),r10
  477  000015f4  0c000210	jal	_Printf
  478  000015f8  54000000	nop; not filled.
  479  000015fc  8e730000	lw	r19,(r19)
  480  00001600  afb30000	sw	(r29),r19
  481  00001604  0c000200	jal	_Printf
  482  00001608  54000000	nop; not filled.
  483  0000160c  3c140000	lhi	r20,((LC8_LF0)>>16)&0xffff
  484  00001610  26943104	addui	r20,r20,(LC8_LF0)&0xffff
  485  00001614  afb40000	sw	(r29),r20
  486  00001618  0c0001ec	jal	_Printf
  487  0000161c  54000000	nop; not filled.
  488  00001620  0c0002ec	jal	_Exit
  489  00001624  54000000	nop; not filled.
  490  00001628  23bd0008	addi	r29,r29,#8
  491  0000162c          	L34_LF0:
  492  0000162c  23bdffe8	addi	r29,r29,#-24
  493  00001630  3c140000	lhi	r20,((LC15_LF0)>>16)&0xffff
  494  00001634  26943198	addui	r20,r20,(LC15_LF0)&0xffff
  495  00001638  afb40000	sw	(r29),r20
  496  0000163c  51810001	slli	r1,r12,#0x1
  497  00001640  00280822	sub	r1,r1,r8
  498  00001644  afa10004	sw	4(r29),r1
  499  00001648  01280822	sub	r1,r9,r8
  500  0000164c  50210001	slli	r1,r1,#0x1
  501  00001650  afa10008	sw	8(r29),r1
  502  00001654  51210001	slli	r1,r9,#0x1
  503  00001658  afa1000c	sw	12(r29),r1
  504  0000165c  afa80010	sw	16(r29),r8
  505  00001660  0c0001a4	jal	_Printf
  506  00001664  54000000	nop; not filled.
  507  00001668  afae0000	sw	(r29),r14
  508  0000166c  0c000264	jal	_mbox_close
  509  00001670  54000000	nop; not filled.
  510  00001674  23bd0018	addi	r29,r29,#24
  511  00001678  64210000	snei	r1,r1,#0
  512  0000167c  14200028	bnez	r1,L35_LF0
  513  00001680  54000000	nop; not filled.
  514  00001684  23bdfff8	addi	r29,r29,#-8
  515  00001688  3c140000	lhi	r20,((LC2_LF0)>>16)&0xffff
  516  0000168c  26943044	addui	r20,r20,(LC2_LF0)&0xffff
  517  00001690  afb40000	sw	(r29),r20
  518  00001694  0c000170	jal	_Printf
  519  00001698  54000000	nop; not filled.
  520  0000169c  0c000270	jal	_Exit
  521  000016a0  54000000	nop; not filled.
  522  000016a4  23bd0008	addi	r29,r29,#8
  523  000016a8          	L35_LF0:
  524  000016a8  23bdfff8	addi	r29,r29,#-8
  525  000016ac  afaf0000	sw	(r29),r15
  526  000016b0  0c000220	jal	_mbox_close
  527  000016b4  54000000	nop; not filled.
  528  000016b8  23bd0008	addi	r29,r29,#8
  529  000016bc  64210000	snei	r1,r1,#0
  530  000016c0  14200028	bnez	r1,L36_LF0
  531  000016c4  54000000	nop; not filled.
  532  000016c8  23bdfff8	addi	r29,r29,#-8
  533  000016cc  3c140000	lhi	r20,((LC3_LF0)>>16)&0xffff
  534  000016d0  26943068	addui	r20,r20,(LC3_LF0)&0xffff
  535  000016d4  afb40000	sw	(r29),r20
  536  000016d8  0c00012c	jal	_Printf
  537  000016dc  54000000	nop; not filled.
  538  000016e0  0c00022c	jal	_Exit
  539  000016e4  54000000	nop; not filled.
  540  000016e8  23bd0008	addi	r29,r29,#8
  541  000016ec          	L36_LF0:
  542  000016ec  23bdfff8	addi	r29,r29,#-8
  543  000016f0  afb00000	sw	(r29),r16
  544  000016f4  0c0001dc	jal	_mbox_close
  545  000016f8  54000000	nop; not filled.
  546  000016fc  23bd0008	addi	r29,r29,#8
  547  00001700  64210000	snei	r1,r1,#0
  548  00001704  14200028	bnez	r1,L37_LF0
  549  00001708  54000000	nop; not filled.
  550  0000170c  23bdfff8	addi	r29,r29,#-8
  551  00001710  3c140000	lhi	r20,((LC4_LF0)>>16)&0xffff
  552  00001714  2694308c	addui	r20,r20,(LC4_LF0)&0xffff
  553  00001718  afb40000	sw	(r29),r20
  554  0000171c  0c0000e8	jal	_Printf
  555  00001720  54000000	nop; not filled.
  556  00001724  0c0001e8	jal	_Exit
  557  00001728  54000000	nop; not filled.
  558  0000172c  23bd0008	addi	r29,r29,#8
  559  00001730          	L37_LF0:
  560  00001730  23bdfff8	addi	r29,r29,#-8
  561  00001734  afb10000	sw	(r29),r17
  562  00001738  0c000198	jal	_mbox_close
  563  0000173c  54000000	nop; not filled.
  564  00001740  23bd0008	addi	r29,r29,#8
  565  00001744  64210000	snei	r1,r1,#0
  566  00001748  14200028	bnez	r1,L38_LF0
  567  0000174c  54000000	nop; not filled.
  568  00001750  23bdfff8	addi	r29,r29,#-8
  569  00001754  3c140000	lhi	r20,((LC5_LF0)>>16)&0xffff
  570  00001758  269430ac	addui	r20,r20,(LC5_LF0)&0xffff
  571  0000175c  afb40000	sw	(r29),r20
  572  00001760  0c0000a4	jal	_Printf
  573  00001764  54000000	nop; not filled.
  574  00001768  0c0001a4	jal	_Exit
  575  0000176c  54000000	nop; not filled.
  576  00001770  23bd0008	addi	r29,r29,#8
  577  00001774          	L38_LF0:
  578  00001774  23bdfff8	addi	r29,r29,#-8
  579  00001778  afb20000	sw	(r29),r18
  580  0000177c  0c000154	jal	_mbox_close
  581  00001780  54000000	nop; not filled.
  582  00001784  23bd0008	addi	r29,r29,#8
  583  00001788  64210000	snei	r1,r1,#0
  584  0000178c  14200028	bnez	r1,L39_LF0
  585  00001790  54000000	nop; not filled.
  586  00001794  23bdfff8	addi	r29,r29,#-8
  587  00001798  3c140000	lhi	r20,((LC6_LF0)>>16)&0xffff
  588  0000179c  269430cc	addui	r20,r20,(LC6_LF0)&0xffff
  589  000017a0  afb40000	sw	(r29),r20
  590  000017a4  0c000060	jal	_Printf
  591  000017a8  54000000	nop; not filled.
  592  000017ac  0c000160	jal	_Exit
  593  000017b0  54000000	nop; not filled.
  594  000017b4  23bd0008	addi	r29,r29,#8
  595  000017b8          	L39_LF0:
  596  000017b8  0c000ef0	jal	_exit
  597  000017bc  54000000	nop
  598  000017c0          	.endproc _main
  599                      ;;;
  600                      ;;; Stub functions for DLX traps.
  601                      ;;;
  602                      ;;; Ethan L. Miller, 1999.  Released to the public domain.
  603                      ;;;
  604                      ;;; The traps such as Open and Close
  605                      ;;; (note the capital letters) are for use by user programs.  The traps
  606                      ;;; with names such as open and close (lower case) are for use by the OS.
  607                      ;;;
  610  000017c0          	.align 2
  612                      ;;; The following are the traps to be used by user-level programs
  613                      ;;;
  615  000017c0          	.align 2
  616  000017c0          	.proc _Open
  617  000017c0          	.global _Open
  618  000017c0          	_Open:
  619                      ;;; Note that trap #0x213 actually causes a trap vector in the OS of
  620                      ;;; 0x1213.  The same is true for other user traps.  Thus, a user trap
  621                      ;;; with trap #0x240 will result in a trap vector of 0x1240 in the OS.
  622  000017c0  44000213	trap	#0x213
  623  000017c4  4be00000	jr	r31
  624  000017c8  54000000	nop
  625  000017cc          	.endproc _Open
  627  000017cc          	.proc _Close
  628  000017cc          	.global _Close
  629  000017cc          	_Close:
  630  000017cc  44000214	trap	#0x214
  631  000017d0  4be00000	jr	r31
  632  000017d4  54000000	nop
  633  000017d8          	.endproc _Close
  635  000017d8          	.proc _Read
  636  000017d8          	.global _Read
  637  000017d8          	_Read:
  638  000017d8  44000210	trap	#0x210
  639  000017dc  4be00000	jr	r31
  640  000017e0  54000000	nop
  641  000017e4          	.endproc _Read
  643  000017e4          	.proc _Write
  644  000017e4          	.global _Write
  645  000017e4          	_Write:
  646  000017e4  44000211	trap	#0x211
  647  000017e8  4be00000	jr	r31
  648  000017ec  54000000	nop
  649  000017f0          	.endproc _Write
  651  000017f0          	.proc _Lseek
  652  000017f0          	.global _Lseek
  653  000017f0          	_Lseek:
  654  000017f0  44000212	trap	#0x212
  655  000017f4  4be00000	jr	r31
  656  000017f8  54000000	nop
  657  000017fc          	.endproc _Lseek
  659  000017fc          	.proc _Putchar
  660  000017fc          	.global _Putchar
  661  000017fc          	_Putchar:
  662  000017fc  44000280	trap	#0x280
  663  00001800  4be00000	jr	r31
  664  00001804  54000000	nop
  665  00001808          	.endproc _Putchar
  667  00001808          	.proc _Printf
  668  00001808          	.global _Printf
  669  00001808          	_Printf:
  670  00001808  44000201	trap	#0x201
  671  0000180c  4be00000	jr	r31
  672  00001810  54000000	nop
  673  00001814          	.endproc _Printf
  675  00001814          	.proc _getpid
  676  00001814          	.global _getpid
  677  00001814          	_getpid:
  678  00001814  44000431	trap	#0x431
  679  00001818  4be00000	jr	r31
  680  0000181c  54000000	nop
  681  00001820          	.endproc _getpid
  683  00001820          	.proc _process_create
  684  00001820          	.global _process_create
  685  00001820          	_process_create:
  686  00001820  44000432	trap	#0x432
  687  00001824  4be00000	jr	r31
  688  00001828  54000000	nop
  689  0000182c          	.endproc _process_create
  691  0000182c          	.proc _shmget
  692  0000182c          	.global _shmget
  693  0000182c          	_shmget:
  694  0000182c  44000440	trap	#0x440
  695  00001830  4be00000	jr	r31
  696  00001834  54000000	nop
  697  00001838          	.endproc _shmget
  699  00001838          	.proc _shmat
  700  00001838          	.global _shmat
  701  00001838          	_shmat:
  702  00001838  44000441	trap	#0x441
  703  0000183c  4be00000	jr	r31
  704  00001840  54000000	nop
  705  00001844          	.endproc _shmat
  707  00001844          	.proc _sem_create
  708  00001844          	.global _sem_create
  709  00001844          	_sem_create:
  710  00001844  44000450	trap	#0x450
  711  00001848  4be00000	jr	r31
  712  0000184c  54000000	nop
  713  00001850          	.endproc _sem_create
  715  00001850          	.proc _sem_wait
  716  00001850          	.global _sem_wait
  717  00001850          	_sem_wait:
  718  00001850  44000451	trap	#0x451
  719  00001854  4be00000	jr	r31
  720  00001858  54000000	nop
  721  0000185c          	.endproc _sem_wait
  723  0000185c          	.proc _sem_signal
  724  0000185c          	.global _sem_signal
  725  0000185c          	_sem_signal:
  726  0000185c  44000452	trap	#0x452
  727  00001860  4be00000	jr	r31
  728  00001864  54000000	nop
  729  00001868          	.endproc _sem_signal
  731  00001868          	.proc _lock_create
  732  00001868          	.global _lock_create
  733  00001868          	_lock_create:
  734  00001868  44000453	trap	#0x453
  735  0000186c  4be00000	jr	r31
  736  00001870  54000000	nop
  737  00001874          	.endproc _lock_create
  739  00001874          	.proc _lock_acquire
  740  00001874          	.global _lock_acquire
  741  00001874          	_lock_acquire:
  742  00001874  44000454	trap	#0x454
  743  00001878  4be00000	jr	r31
  744  0000187c  54000000	nop
  745  00001880          	.endproc _lock_acquire
  747  00001880          	.proc _lock_release
  748  00001880          	.global _lock_release
  749  00001880          	_lock_release:
  750  00001880  44000455	trap	#0x455
  751  00001884  4be00000	jr	r31
  752  00001888  54000000	nop
  753  0000188c          	.endproc _lock_release
  755  0000188c          	.proc _cond_create
  756  0000188c          	.global _cond_create
  757  0000188c          	_cond_create:
  758  0000188c  44000456	trap	#0x456
  759  00001890  4be00000	jr	r31
  760  00001894  54000000	nop
  761  00001898          	.endproc _cond_create
  763  00001898          	.proc _cond_wait
  764  00001898          	.global _cond_wait
  765  00001898          	_cond_wait:
  766  00001898  44000457	trap	#0x457
  767  0000189c  4be00000	jr	r31
  768  000018a0  54000000	nop
  769  000018a4          	.endproc _cond_wait
  771  000018a4          	.proc _cond_signal
  772  000018a4          	.global _cond_signal
  773  000018a4          	_cond_signal:
  774  000018a4  44000458	trap	#0x458
  775  000018a8  4be00000	jr	r31
  776  000018ac  54000000	nop
  777  000018b0          	.endproc _cond_signal
  779  000018b0          	.proc _cond_broadcast
  780  000018b0          	.global _cond_broadcast
  781  000018b0          	_cond_broadcast:
  782  000018b0  44000459	trap	#0x459
  783  000018b4  4be00000	jr	r31
  784  000018b8  54000000	nop
  785  000018bc          	.endproc _cond_broadcast
  787  000018bc          	.proc _mbox_create
  788  000018bc          	.global _mbox_create
  789  000018bc          	_mbox_create:
  790  000018bc  44000460	trap	#0x460
  791  000018c0  4be00000	jr	r31
  792  000018c4  54000000	nop
  793  000018c8          	.endproc _mbox_create
  795  000018c8          	.proc _mbox_open
  796  000018c8          	.global _mbox_open
  797  000018c8          	_mbox_open:
  798  000018c8  44000461	trap	#0x461
  799  000018cc  4be00000	jr	r31
  800  000018d0  54000000	nop
  801  000018d4          	.endproc _mbox_open
  803  000018d4          	.proc _mbox_close
  804  000018d4          	.global _mbox_close
  805  000018d4          	_mbox_close:
  806  000018d4  44000462	trap	#0x462
  807  000018d8  4be00000	jr	r31
  808  000018dc  54000000	nop
  809  000018e0          	.endproc _mbox_close
  811  000018e0          	.proc _mbox_send
  812  000018e0          	.global _mbox_send
  813  000018e0          	_mbox_send:
  814  000018e0  44000463	trap	#0x463
  815  000018e4  4be00000	jr	r31
  816  000018e8  54000000	nop
  817  000018ec          	.endproc _mbox_send
  819  000018ec          	.proc _mbox_recv
  820  000018ec          	.global _mbox_recv
  821  000018ec          	_mbox_recv:
  822  000018ec  44000464	trap	#0x464
  823  000018f0  4be00000	jr	r31
  824  000018f4  54000000	nop
  825  000018f8          	.endproc _mbox_recv
  827  000018f8          	.proc _sleep
  828  000018f8          	.global _sleep
  829  000018f8          	_sleep:
  830  000018f8  44000465	trap	#0x465
  831  000018fc  4be00000	jr	r31
  832  00001900  54000000	nop
  833  00001904          	.endproc _sleep
  835  00001904          	.proc _yield
  836  00001904          	.global _yield
  837  00001904          	_yield:
  838  00001904  44000466	trap	#0x466
  839  00001908  4be00000	jr	r31
  840  0000190c  54000000	nop
  841  00001910          	.endproc _yield
  844  00001910          	.proc _Exit
  845  00001910          	.global _Exit
  846  00001910          	_Exit:
  847  00001910  44000500	trap	#0x500
  848  00001914  4be00000	jr	r31
  849  00001918  54000000	nop
  850  0000191c          	.endproc _Exit
  851                      ; Compiled by GCC
  853  0000191c          	.align 2
  854  0000191c          	.proc _isspace
  855  0000191c          	.global _isspace
  856  0000191c          	_isspace:
  857                      ;  Function 'isspace'; 0 bytes of locals, 3 regs to save.
  858  0000191c  afbefffc	sw	-4(r29),r30; push fp
  859  00001920  001df020	add	r30,r0,r29; fp = sp
  860  00001924  afbffff8	sw	-8(r29),r31; push ret addr
  861  00001928  2fbd0018	subui	r29,r29,#24; alloc local storage
  862  0000192c  afa20000	sw	0(r29),r2
  863  00001930  afa30004	sw	4(r29),r3
  864  00001934  afa40008	sw	8(r29),r4
  865  00001938  83c20003	lb	r2,3(r30)
  866  0000193c  20010000	addi	r1,r0,#0
  867  00001940  304300ff	andi	r3,r2,#0x00ff
  868  00001944  60640020	seqi	r4,r3,#32
  869  00001948  1480002c	bnez	r4,L3_LF2
  870  0000194c  54000000	nop; delay slot nop
  871  00001950  304300ff	andi	r3,r2,#0x00ff
  872  00001954  60640009	seqi	r4,r3,#9
  873  00001958  1480001c	bnez	r4,L3_LF2
  874  0000195c  54000000	nop; delay slot nop
  875  00001960  304300ff	andi	r3,r2,#0x00ff
  876  00001964  6064000a	seqi	r4,r3,#10
  877  00001968  1480000c	bnez	r4,L3_LF2
  878  0000196c  54000000	nop; delay slot nop
  879  00001970  08000008	j	L2_LF2
  880  00001974  54000000	nop; delay slot nop
  881  00001978          	L3_LF2:
  882  00001978  20010001	addi	r1,r0,#1
  883  0000197c          	L2_LF2:
  884  0000197c  08000004	j	L1_LF2
  885  00001980  54000000	nop; delay slot nop
  886  00001984          	L1_LF2:
  887  00001984  8fa20000	lw	r2,0(r29)
  888  00001988  8fa30004	lw	r3,4(r29)
  889  0000198c  8fa40008	lw	r4,8(r29)
  890  00001990  8fdffff8	lw	r31,-8(r30)
  891  00001994  001ee820	add	r29,r0,r30
  892  00001998  8fdefffc	lw	r30,-4(r30)
  893  0000199c  4be00000	jr	r31
  894  000019a0  54000000	nop
  895  000019a4          	.endproc _isspace
  896  000019a4          	.align 2
  897  000019a4          	.proc _isxdigit
  898  000019a4          	.global _isxdigit
  899  000019a4          	_isxdigit:
  900                      ;  Function 'isxdigit'; 0 bytes of locals, 3 regs to save.
  901  000019a4  afbefffc	sw	-4(r29),r30; push fp
  902  000019a8  001df020	add	r30,r0,r29; fp = sp
  903  000019ac  afbffff8	sw	-8(r29),r31; push ret addr
  904  000019b0  2fbd0018	subui	r29,r29,#24; alloc local storage
  905  000019b4  afa20000	sw	0(r29),r2
  906  000019b8  afa30004	sw	4(r29),r3
  907  000019bc  afa40008	sw	8(r29),r4
  908  000019c0  83c20003	lb	r2,3(r30)
  909  000019c4  20010000	addi	r1,r0,#0
  910  000019c8  304300ff	andi	r3,r2,#0x00ff
  911  000019cc  6c64002f	sgtui	r4,r3,#47
  912  000019d0  1080001c	beqz	r4,L7_LF2
  913  000019d4  54000000	nop; delay slot nop
  914  000019d8  304300ff	andi	r3,r2,#0x00ff
  915  000019dc  70640039	sleui	r4,r3,#57
  916  000019e0  1480005c	bnez	r4,L6_LF2
  917  000019e4  54000000	nop; delay slot nop
  918  000019e8  08000004	j	L7_LF2
  919  000019ec  54000000	nop; delay slot nop
  920  000019f0          	L7_LF2:
  921  000019f0  304300ff	andi	r3,r2,#0x00ff
  922  000019f4  6c640060	sgtui	r4,r3,#96
  923  000019f8  1080001c	beqz	r4,L8_LF2
  924  000019fc  54000000	nop; delay slot nop
  925  00001a00  304300ff	andi	r3,r2,#0x00ff
  926  00001a04  70640066	sleui	r4,r3,#102
  927  00001a08  14800034	bnez	r4,L6_LF2
  928  00001a0c  54000000	nop; delay slot nop
  929  00001a10  08000004	j	L8_LF2
  930  00001a14  54000000	nop; delay slot nop
  931  00001a18          	L8_LF2:
  932  00001a18  304300ff	andi	r3,r2,#0x00ff
  933  00001a1c  6c640040	sgtui	r4,r3,#64
  934  00001a20  10800020	beqz	r4,L5_LF2
  935  00001a24  54000000	nop; delay slot nop
  936  00001a28  304300ff	andi	r3,r2,#0x00ff
  937  00001a2c  70640041	sleui	r4,r3,#65
  938  00001a30  1480000c	bnez	r4,L6_LF2
  939  00001a34  54000000	nop; delay slot nop
  940  00001a38  08000008	j	L5_LF2
  941  00001a3c  54000000	nop; delay slot nop
  942  00001a40          	L6_LF2:
  943  00001a40  20010001	addi	r1,r0,#1
  944  00001a44          	L5_LF2:
  945  00001a44  08000004	j	L4_LF2
  946  00001a48  54000000	nop; delay slot nop
  947  00001a4c          	L4_LF2:
  948  00001a4c  8fa20000	lw	r2,0(r29)
  949  00001a50  8fa30004	lw	r3,4(r29)
  950  00001a54  8fa40008	lw	r4,8(r29)
  951  00001a58  8fdffff8	lw	r31,-8(r30)
  952  00001a5c  001ee820	add	r29,r0,r30
  953  00001a60  8fdefffc	lw	r30,-4(r30)
  954  00001a64  4be00000	jr	r31
  955  00001a68  54000000	nop
  956  00001a6c          	.endproc _isxdigit
  957  00001a6c          	.align 2
  958  00001a6c          	.proc _dstrcpy
  959  00001a6c          	.global _dstrcpy
  960  00001a6c          	_dstrcpy:
  961                      ;  Function 'dstrcpy'; 8 bytes of locals, 2 regs to save.
  962  00001a6c  afbefffc	sw	-4(r29),r30; push fp
  963  00001a70  001df020	add	r30,r0,r29; fp = sp
  964  00001a74  afbffff8	sw	-8(r29),r31; push ret addr
  965  00001a78  2fbd0018	subui	r29,r29,#24; alloc local storage
  966  00001a7c  afa20000	sw	0(r29),r2
  967  00001a80  afa30004	sw	4(r29),r3
  968  00001a84  8fc10000	lw	r1,(r30)
  969  00001a88  afc1fff4	sw	-12(r30),r1
  970  00001a8c          	L10_LF2:
  971  00001a8c  8fc10000	lw	r1,(r30)
  972  00001a90  20220001	addi	r2,r1,#1
  973  00001a94  afc20000	sw	(r30),r2
  974  00001a98  8fc20004	lw	r2,4(r30)
  975  00001a9c  20430001	addi	r3,r2,#1
  976  00001aa0  afc30004	sw	4(r30),r3
  977  00001aa4  80420000	lb	r2,(r2)
  978  00001aa8  a0220000	sb	(r1),r2
  979  00001aac  a3c2fff3	sb	-13(r30),r2
  980  00001ab0          	L12_LF2:
  981  00001ab0  93c1fff3	lbu	r1,-13(r30)
  982  00001ab4  64220000	snei	r2,r1,#0
  983  00001ab8  1440000c	bnez	r2,L13_LF2
  984  00001abc  54000000	nop; delay slot nop
  985  00001ac0  0800000c	j	L11_LF2
  986  00001ac4  54000000	nop; delay slot nop
  987  00001ac8          	L13_LF2:
  988  00001ac8  0bffffc0	j	L10_LF2
  989  00001acc  54000000	nop; delay slot nop
  990  00001ad0          	L11_LF2:
  991  00001ad0  8fc1fff4	lw	r1,-12(r30)
  992  00001ad4  08000004	j	L9_LF2
  993  00001ad8  54000000	nop; delay slot nop
  994  00001adc          	L9_LF2:
  995  00001adc  8fa20000	lw	r2,0(r29)
  996  00001ae0  8fa30004	lw	r3,4(r29)
  997  00001ae4  8fdffff8	lw	r31,-8(r30)
  998  00001ae8  001ee820	add	r29,r0,r30
  999  00001aec  8fdefffc	lw	r30,-4(r30)
 1000  00001af0  4be00000	jr	r31
 1001  00001af4  54000000	nop
 1002  00001af8          	.endproc _dstrcpy
 1003  00001af8          	.align 2
 1004  00001af8          	.proc _dstrncpy
 1005  00001af8          	.global _dstrncpy
 1006  00001af8          	_dstrncpy:
 1007                      ;  Function 'dstrncpy'; 8 bytes of locals, 2 regs to save.
 1008  00001af8  afbefffc	sw	-4(r29),r30; push fp
 1009  00001afc  001df020	add	r30,r0,r29; fp = sp
 1010  00001b00  afbffff8	sw	-8(r29),r31; push ret addr
 1011  00001b04  2fbd0018	subui	r29,r29,#24; alloc local storage
 1012  00001b08  afa20000	sw	0(r29),r2
 1013  00001b0c  afa30004	sw	4(r29),r3
 1014  00001b10  8fc10000	lw	r1,(r30)
 1015  00001b14  afc1fff4	sw	-12(r30),r1
 1016  00001b18          	L15_LF2:
 1017  00001b18  8fc10008	lw	r1,8(r30)
 1018  00001b1c  2022ffff	addi	r2,r1,#-1
 1019  00001b20  afc20008	sw	8(r30),r2
 1020  00001b24  70210000	slei	r1,r1,#0
 1021  00001b28  1020000c	beqz	r1,L18_LF2
 1022  00001b2c  54000000	nop; delay slot nop
 1023  00001b30  08000048	j	L16_LF2
 1024  00001b34  54000000	nop; delay slot nop
 1025  00001b38          	L18_LF2:
 1026  00001b38  8fc10000	lw	r1,(r30)
 1027  00001b3c  20220001	addi	r2,r1,#1
 1028  00001b40  afc20000	sw	(r30),r2
 1029  00001b44  8fc20004	lw	r2,4(r30)
 1030  00001b48  20430001	addi	r3,r2,#1
 1031  00001b4c  afc30004	sw	4(r30),r3
 1032  00001b50  80420000	lb	r2,(r2)
 1033  00001b54  a0220000	sb	(r1),r2
 1034  00001b58  a3c2fff3	sb	-13(r30),r2
 1035  00001b5c          	L17_LF2:
 1036  00001b5c  93c1fff3	lbu	r1,-13(r30)
 1037  00001b60  64220000	snei	r2,r1,#0
 1038  00001b64  1440000c	bnez	r2,L19_LF2
 1039  00001b68  54000000	nop; delay slot nop
 1040  00001b6c  0800000c	j	L16_LF2
 1041  00001b70  54000000	nop; delay slot nop
 1042  00001b74          	L19_LF2:
 1043  00001b74  0bffffa0	j	L15_LF2
 1044  00001b78  54000000	nop; delay slot nop
 1045  00001b7c          	L16_LF2:
 1046  00001b7c  8fc1fff4	lw	r1,-12(r30)
 1047  00001b80  08000004	j	L14_LF2
 1048  00001b84  54000000	nop; delay slot nop
 1049  00001b88          	L14_LF2:
 1050  00001b88  8fa20000	lw	r2,0(r29)
 1051  00001b8c  8fa30004	lw	r3,4(r29)
 1052  00001b90  8fdffff8	lw	r31,-8(r30)
 1053  00001b94  001ee820	add	r29,r0,r30
 1054  00001b98  8fdefffc	lw	r30,-4(r30)
 1055  00001b9c  4be00000	jr	r31
 1056  00001ba0  54000000	nop
 1057  00001ba4          	.endproc _dstrncpy
 1058  00001ba4          	.align 2
 1059  00001ba4          	.proc _dstrcat
 1060  00001ba4          	.global _dstrcat
 1061  00001ba4          	_dstrcat:
 1062                      ;  Function 'dstrcat'; 8 bytes of locals, 1 regs to save.
 1063  00001ba4  afbefffc	sw	-4(r29),r30; push fp
 1064  00001ba8  001df020	add	r30,r0,r29; fp = sp
 1065  00001bac  afbffff8	sw	-8(r29),r31; push ret addr
 1066  00001bb0  2fbd0018	subui	r29,r29,#24; alloc local storage
 1067  00001bb4  afa20000	sw	0(r29),r2
 1068  00001bb8  8fc10000	lw	r1,(r30)
 1069  00001bbc  afc1fff4	sw	-12(r30),r1
 1070  00001bc0          	L21_LF2:
 1071  00001bc0  8fc10000	lw	r1,(r30)
 1072  00001bc4  90220000	lbu	r2,(r1)
 1073  00001bc8  64410000	snei	r1,r2,#0
 1074  00001bcc  1420000c	bnez	r1,L23_LF2
 1075  00001bd0  54000000	nop; delay slot nop
 1076  00001bd4  0800001c	j	L22_LF2
 1077  00001bd8  54000000	nop; delay slot nop
 1078  00001bdc          	L23_LF2:
 1079  00001bdc  8fc20000	lw	r2,(r30)
 1080  00001be0  20410001	addi	r1,r2,#1
 1081  00001be4  00011020	add	r2,r0,r1
 1082  00001be8  afc20000	sw	(r30),r2
 1083  00001bec  0bffffd0	j	L21_LF2
 1084  00001bf0  54000000	nop; delay slot nop
 1085  00001bf4          	L22_LF2:
 1086  00001bf4  23bdfff8	addi	r29,r29,#-8
 1087  00001bf8  001d0820	add	r1,r0,r29
 1088  00001bfc  8fc20000	lw	r2,(r30)
 1089  00001c00  ac220000	sw	(r1),r2
 1090  00001c04  8fc20004	lw	r2,4(r30)
 1091  00001c08  ac220004	sw	4(r1),r2
 1092  00001c0c  0ffffe5c	jal	_dstrcpy
 1093  00001c10  54000000	nop; delay slot nop
 1094  00001c14  23bd0008	addi	r29,r29,#8
 1095  00001c18  8fc1fff4	lw	r1,-12(r30)
 1096  00001c1c  08000004	j	L20_LF2
 1097  00001c20  54000000	nop; delay slot nop
 1098  00001c24          	L20_LF2:
 1099  00001c24  8fa20000	lw	r2,0(r29)
 1100  00001c28  8fdffff8	lw	r31,-8(r30)
 1101  00001c2c  001ee820	add	r29,r0,r30
 1102  00001c30  8fdefffc	lw	r30,-4(r30)
 1103  00001c34  4be00000	jr	r31
 1104  00001c38  54000000	nop
 1105  00001c3c          	.endproc _dstrcat
 1106  00001c3c          	.align 2
 1107  00001c3c          	.proc _dstrncmp
 1108  00001c3c          	.global _dstrncmp
 1109  00001c3c          	_dstrncmp:
 1110                      ;  Function 'dstrncmp'; 8 bytes of locals, 2 regs to save.
 1111  00001c3c  afbefffc	sw	-4(r29),r30; push fp
 1112  00001c40  001df020	add	r30,r0,r29; fp = sp
 1113  00001c44  afbffff8	sw	-8(r29),r31; push ret addr
 1114  00001c48  2fbd0018	subui	r29,r29,#24; alloc local storage
 1115  00001c4c  afa20000	sw	0(r29),r2
 1116  00001c50  afa30004	sw	4(r29),r3
 1117  00001c54  54000000	nop
 1118  00001c58  20010000	addi	r1,r0,#0
 1119  00001c5c  afc1fff4	sw	-12(r30),r1
 1120  00001c60          	L25_LF2:
 1121  00001c60  8fc1fff4	lw	r1,-12(r30)
 1122  00001c64  8fc20008	lw	r2,8(r30)
 1123  00001c68  0022082a	slt	r1,r1,r2
 1124  00001c6c  1420000c	bnez	r1,L28_LF2
 1125  00001c70  54000000	nop; delay slot nop
 1126  00001c74  08000088	j	L26_LF2
 1127  00001c78  54000000	nop; delay slot nop
 1128  00001c7c          	L28_LF2:
 1129  00001c7c  8fc10004	lw	r1,4(r30)
 1130  00001c80  90220000	lbu	r2,(r1)
 1131  00001c84  64410000	snei	r1,r2,#0
 1132  00001c88  14200018	bnez	r1,L29_LF2
 1133  00001c8c  54000000	nop; delay slot nop
 1134  00001c90  20010000	addi	r1,r0,#0
 1135  00001c94  080000d8	j	L24_LF2
 1136  00001c98  54000000	nop; delay slot nop
 1137  00001c9c  08000028	j	L30_LF2
 1138  00001ca0  54000000	nop; delay slot nop
 1139  00001ca4          	L29_LF2:
 1140  00001ca4  8fc10000	lw	r1,(r30)
 1141  00001ca8  8fc20004	lw	r2,4(r30)
 1142  00001cac  90210000	lbu	r1,(r1)
 1143  00001cb0  90420000	lbu	r2,(r2)
 1144  00001cb4  00220829	sne	r1,r1,r2
 1145  00001cb8  1020000c	beqz	r1,L30_LF2
 1146  00001cbc  54000000	nop; delay slot nop
 1147  00001cc0  0800003c	j	L26_LF2
 1148  00001cc4  54000000	nop; delay slot nop
 1149  00001cc8          	L31_LF2:
 1150  00001cc8          	L30_LF2:
 1151  00001cc8  8fc20000	lw	r2,(r30)
 1152  00001ccc  20410001	addi	r1,r2,#1
 1153  00001cd0  00011020	add	r2,r0,r1
 1154  00001cd4  afc20000	sw	(r30),r2
 1155  00001cd8  8fc20004	lw	r2,4(r30)
 1156  00001cdc  20410001	addi	r1,r2,#1
 1157  00001ce0  00011020	add	r2,r0,r1
 1158  00001ce4  afc20004	sw	4(r30),r2
 1159  00001ce8          	L27_LF2:
 1160  00001ce8  8fc2fff4	lw	r2,-12(r30)
 1161  00001cec  20410001	addi	r1,r2,#1
 1162  00001cf0  00011020	add	r2,r0,r1
 1163  00001cf4  afc2fff4	sw	-12(r30),r2
 1164  00001cf8  0bffff64	j	L25_LF2
 1165  00001cfc  54000000	nop; delay slot nop
 1166  00001d00          	L26_LF2:
 1167  00001d00  8fc1fff4	lw	r1,-12(r30)
 1168  00001d04  8fc20008	lw	r2,8(r30)
 1169  00001d08  00220828	seq	r1,r1,r2
 1170  00001d0c  10200018	beqz	r1,L32_LF2
 1171  00001d10  54000000	nop; delay slot nop
 1172  00001d14  20010000	addi	r1,r0,#0
 1173  00001d18  08000054	j	L24_LF2
 1174  00001d1c  54000000	nop; delay slot nop
 1175  00001d20  0800004c	j	L33_LF2
 1176  00001d24  54000000	nop; delay slot nop
 1177  00001d28          	L32_LF2:
 1178  00001d28  8fc20000	lw	r2,(r30)
 1179  00001d2c  90410000	lbu	r1,(r2)
 1180  00001d30  8fc20004	lw	r2,4(r30)
 1181  00001d34  90430000	lbu	r3,(r2)
 1182  00001d38  00230822	sub	r1,r1,r3
 1183  00001d3c  74220000	sgei	r2,r1,#0
 1184  00001d40  10400020	beqz	r2,L34_LF2
 1185  00001d44  54000000	nop; delay slot nop
 1186  00001d48  8fc10000	lw	r1,(r30)
 1187  00001d4c  8fc20004	lw	r2,4(r30)
 1188  00001d50  90210000	lbu	r1,(r1)
 1189  00001d54  90420000	lbu	r2,(r2)
 1190  00001d58  00220829	sne	r1,r1,r2
 1191  00001d5c  08000008	j	L35_LF2
 1192  00001d60  54000000	nop; delay slot nop
 1193  00001d64          	L34_LF2:
 1194  00001d64  2001ffff	addi	r1,r0,#-1
 1195  00001d68          	L35_LF2:
 1196  00001d68  08000004	j	L24_LF2
 1197  00001d6c  54000000	nop; delay slot nop
 1198  00001d70          	L33_LF2:
 1199  00001d70          	L24_LF2:
 1200  00001d70  8fa20000	lw	r2,0(r29)
 1201  00001d74  8fa30004	lw	r3,4(r29)
 1202  00001d78  8fdffff8	lw	r31,-8(r30)
 1203  00001d7c  001ee820	add	r29,r0,r30
 1204  00001d80  8fdefffc	lw	r30,-4(r30)
 1205  00001d84  4be00000	jr	r31
 1206  00001d88  54000000	nop
 1207  00001d8c          	.endproc _dstrncmp
 1208  00001d8c          	.align 2
 1209  00001d8c          	.proc _dstrlen
 1210  00001d8c          	.global _dstrlen
 1211  00001d8c          	_dstrlen:
 1212                      ;  Function 'dstrlen'; 8 bytes of locals, 1 regs to save.
 1213  00001d8c  afbefffc	sw	-4(r29),r30; push fp
 1214  00001d90  001df020	add	r30,r0,r29; fp = sp
 1215  00001d94  afbffff8	sw	-8(r29),r31; push ret addr
 1216  00001d98  2fbd0018	subui	r29,r29,#24; alloc local storage
 1217  00001d9c  afa20000	sw	0(r29),r2
 1218  00001da0  20010000	addi	r1,r0,#0
 1219  00001da4  afc1fff4	sw	-12(r30),r1
 1220  00001da8          	L37_LF2:
 1221  00001da8  8fc10000	lw	r1,(r30)
 1222  00001dac  20220001	addi	r2,r1,#1
 1223  00001db0  afc20000	sw	(r30),r2
 1224  00001db4  90210000	lbu	r1,(r1)
 1225  00001db8  64220000	snei	r2,r1,#0
 1226  00001dbc  1440000c	bnez	r2,L39_LF2
 1227  00001dc0  54000000	nop; delay slot nop
 1228  00001dc4  0800001c	j	L38_LF2
 1229  00001dc8  54000000	nop; delay slot nop
 1230  00001dcc          	L39_LF2:
 1231  00001dcc  8fc2fff4	lw	r2,-12(r30)
 1232  00001dd0  20410001	addi	r1,r2,#1
 1233  00001dd4  00011020	add	r2,r0,r1
 1234  00001dd8  afc2fff4	sw	-12(r30),r2
 1235  00001ddc  0bffffc8	j	L37_LF2
 1236  00001de0  54000000	nop; delay slot nop
 1237  00001de4          	L38_LF2:
 1238  00001de4  8fc1fff4	lw	r1,-12(r30)
 1239  00001de8  08000004	j	L36_LF2
 1240  00001dec  54000000	nop; delay slot nop
 1241  00001df0          	L36_LF2:
 1242  00001df0  8fa20000	lw	r2,0(r29)
 1243  00001df4  8fdffff8	lw	r31,-8(r30)
 1244  00001df8  001ee820	add	r29,r0,r30
 1245  00001dfc  8fdefffc	lw	r30,-4(r30)
 1246  00001e00  4be00000	jr	r31
 1247  00001e04  54000000	nop
 1248  00001e08          	.endproc _dstrlen
 1249  00001e08          	.align 2
 1250  00001e08          	.proc _dstrstr
 1251  00001e08          	.global _dstrstr
 1252  00001e08          	_dstrstr:
 1253                      ;  Function 'dstrstr'; 8 bytes of locals, 1 regs to save.
 1254  00001e08  afbefffc	sw	-4(r29),r30; push fp
 1255  00001e0c  001df020	add	r30,r0,r29; fp = sp
 1256  00001e10  afbffff8	sw	-8(r29),r31; push ret addr
 1257  00001e14  2fbd0018	subui	r29,r29,#24; alloc local storage
 1258  00001e18  afa20000	sw	0(r29),r2
 1259  00001e1c  23bdfff8	addi	r29,r29,#-8
 1260  00001e20  001d0820	add	r1,r0,r29
 1261  00001e24  8fc20004	lw	r2,4(r30)
 1262  00001e28  ac220000	sw	(r1),r2
 1263  00001e2c  0fffff5c	jal	_dstrlen
 1264  00001e30  54000000	nop; delay slot nop
 1265  00001e34  23bd0008	addi	r29,r29,#8
 1266  00001e38  afc1fff4	sw	-12(r30),r1
 1267  00001e3c          	L41_LF2:
 1268  00001e3c  8fc10000	lw	r1,(r30)
 1269  00001e40  90220000	lbu	r2,(r1)
 1270  00001e44  64410000	snei	r1,r2,#0
 1271  00001e48  1420000c	bnez	r1,L43_LF2
 1272  00001e4c  54000000	nop; delay slot nop
 1273  00001e50  08000060	j	L42_LF2
 1274  00001e54  54000000	nop; delay slot nop
 1275  00001e58          	L43_LF2:
 1276  00001e58  23bdfff0	addi	r29,r29,#-16
 1277  00001e5c  001d0820	add	r1,r0,r29
 1278  00001e60  8fc20000	lw	r2,(r30)
 1279  00001e64  ac220000	sw	(r1),r2
 1280  00001e68  8fc20004	lw	r2,4(r30)
 1281  00001e6c  ac220004	sw	4(r1),r2
 1282  00001e70  8fc2fff4	lw	r2,-12(r30)
 1283  00001e74  ac220008	sw	8(r1),r2
 1284  00001e78  0ffffdc0	jal	_dstrncmp
 1285  00001e7c  54000000	nop; delay slot nop
 1286  00001e80  23bd0010	addi	r29,r29,#16
 1287  00001e84  64220000	snei	r2,r1,#0
 1288  00001e88  14400010	bnez	r2,L44_LF2
 1289  00001e8c  54000000	nop; delay slot nop
 1290  00001e90  8fc10000	lw	r1,(r30)
 1291  00001e94  08000028	j	L40_LF2
 1292  00001e98  54000000	nop; delay slot nop
 1293  00001e9c          	L44_LF2:
 1294  00001e9c  8fc20000	lw	r2,(r30)
 1295  00001ea0  20410001	addi	r1,r2,#1
 1296  00001ea4  00011020	add	r2,r0,r1
 1297  00001ea8  afc20000	sw	(r30),r2
 1298  00001eac  0bffff8c	j	L41_LF2
 1299  00001eb0  54000000	nop; delay slot nop
 1300  00001eb4          	L42_LF2:
 1301  00001eb4  20010000	addi	r1,r0,#0
 1302  00001eb8  08000004	j	L40_LF2
 1303  00001ebc  54000000	nop; delay slot nop
 1304  00001ec0          	L40_LF2:
 1305  00001ec0  8fa20000	lw	r2,0(r29)
 1306  00001ec4  8fdffff8	lw	r31,-8(r30)
 1307  00001ec8  001ee820	add	r29,r0,r30
 1308  00001ecc  8fdefffc	lw	r30,-4(r30)
 1309  00001ed0  4be00000	jr	r31
 1310  00001ed4  54000000	nop
 1311  00001ed8          	.endproc _dstrstr
 1312  00001ed8          	.align 2
 1313  00001ed8          	.proc _dmindex
 1314  00001ed8          	.global _dmindex
 1315  00001ed8          	_dmindex:
 1316                      ;  Function 'dmindex'; 8 bytes of locals, 1 regs to save.
 1317  00001ed8  afbefffc	sw	-4(r29),r30; push fp
 1318  00001edc  001df020	add	r30,r0,r29; fp = sp
 1319  00001ee0  afbffff8	sw	-8(r29),r31; push ret addr
 1320  00001ee4  2fbd0018	subui	r29,r29,#24; alloc local storage
 1321  00001ee8  afa20000	sw	0(r29),r2
 1322  00001eec  54000000	nop
 1323  00001ef0          	L46_LF2:
 1324  00001ef0  8fc10000	lw	r1,(r30)
 1325  00001ef4  90220000	lbu	r2,(r1)
 1326  00001ef8  64410000	snei	r1,r2,#0
 1327  00001efc  1420000c	bnez	r1,L48_LF2
 1328  00001f00  54000000	nop; delay slot nop
 1329  00001f04  08000070	j	L47_LF2
 1330  00001f08  54000000	nop; delay slot nop
 1331  00001f0c          	L48_LF2:
 1332  00001f0c  8fc10004	lw	r1,4(r30)
 1333  00001f10  afc1fff4	sw	-12(r30),r1
 1334  00001f14          	L49_LF2:
 1335  00001f14  8fc1fff4	lw	r1,-12(r30)
 1336  00001f18  90220000	lbu	r2,(r1)
 1337  00001f1c  64410000	snei	r1,r2,#0
 1338  00001f20  1420000c	bnez	r1,L52_LF2
 1339  00001f24  54000000	nop; delay slot nop
 1340  00001f28  08000044	j	L50_LF2
 1341  00001f2c  54000000	nop; delay slot nop
 1342  00001f30          	L52_LF2:
 1343  00001f30  8fc10000	lw	r1,(r30)
 1344  00001f34  8fc2fff4	lw	r2,-12(r30)
 1345  00001f38  90210000	lbu	r1,(r1)
 1346  00001f3c  90420000	lbu	r2,(r2)
 1347  00001f40  00220828	seq	r1,r1,r2
 1348  00001f44  10200010	beqz	r1,L51_LF2
 1349  00001f48  54000000	nop; delay slot nop
 1350  00001f4c  8fc10000	lw	r1,(r30)
 1351  00001f50  08000030	j	L45_LF2
 1352  00001f54  54000000	nop; delay slot nop
 1353  00001f58          	L53_LF2:
 1354  00001f58          	L51_LF2:
 1355  00001f58  8fc2fff4	lw	r2,-12(r30)
 1356  00001f5c  20410001	addi	r1,r2,#1
 1357  00001f60  00011020	add	r2,r0,r1
 1358  00001f64  afc2fff4	sw	-12(r30),r2
 1359  00001f68  0bffffa8	j	L49_LF2
 1360  00001f6c  54000000	nop; delay slot nop
 1361  00001f70          	L50_LF2:
 1362  00001f70  0bffff7c	j	L46_LF2
 1363  00001f74  54000000	nop; delay slot nop
 1364  00001f78          	L47_LF2:
 1365  00001f78  20010000	addi	r1,r0,#0
 1366  00001f7c  08000004	j	L45_LF2
 1367  00001f80  54000000	nop; delay slot nop
 1368  00001f84          	L45_LF2:
 1369  00001f84  8fa20000	lw	r2,0(r29)
 1370  00001f88  8fdffff8	lw	r31,-8(r30)
 1371  00001f8c  001ee820	add	r29,r0,r30
 1372  00001f90  8fdefffc	lw	r30,-4(r30)
 1373  00001f94  4be00000	jr	r31
 1374  00001f98  54000000	nop
 1375  00001f9c          	.endproc _dmindex
 1376  00001f9c          	.align 2
 1377  00001f9c          	.proc _dindex
 1378  00001f9c          	.global _dindex
 1379  00001f9c          	_dindex:
 1380                      ;  Function 'dindex'; 0 bytes of locals, 1 regs to save.
 1381  00001f9c  afbefffc	sw	-4(r29),r30; push fp
 1382  00001fa0  001df020	add	r30,r0,r29; fp = sp
 1383  00001fa4  afbffff8	sw	-8(r29),r31; push ret addr
 1384  00001fa8  2fbd0010	subui	r29,r29,#16; alloc local storage
 1385  00001fac  afa20000	sw	0(r29),r2
 1386  00001fb0  54000000	nop
 1387  00001fb4          	L55_LF2:
 1388  00001fb4  8fc10000	lw	r1,(r30)
 1389  00001fb8  90220000	lbu	r2,(r1)
 1390  00001fbc  64410000	snei	r1,r2,#0
 1391  00001fc0  1420000c	bnez	r1,L57_LF2
 1392  00001fc4  54000000	nop; delay slot nop
 1393  00001fc8  08000040	j	L56_LF2
 1394  00001fcc  54000000	nop; delay slot nop
 1395  00001fd0          	L57_LF2:
 1396  00001fd0  8fc10000	lw	r1,(r30)
 1397  00001fd4  90220000	lbu	r2,(r1)
 1398  00001fd8  8fc10004	lw	r1,4(r30)
 1399  00001fdc  00411028	seq	r2,r2,r1
 1400  00001fe0  10400010	beqz	r2,L58_LF2
 1401  00001fe4  54000000	nop; delay slot nop
 1402  00001fe8  8fc10000	lw	r1,(r30)
 1403  00001fec  08000028	j	L54_LF2
 1404  00001ff0  54000000	nop; delay slot nop
 1405  00001ff4          	L58_LF2:
 1406  00001ff4  8fc20000	lw	r2,(r30)
 1407  00001ff8  20410001	addi	r1,r2,#1
 1408  00001ffc  00011020	add	r2,r0,r1
 1409  00002000  afc20000	sw	(r30),r2
 1410  00002004  0bffffac	j	L55_LF2
 1411  00002008  54000000	nop; delay slot nop
 1412  0000200c          	L56_LF2:
 1413  0000200c  20010000	addi	r1,r0,#0
 1414  00002010  08000004	j	L54_LF2
 1415  00002014  54000000	nop; delay slot nop
 1416  00002018          	L54_LF2:
 1417  00002018  8fa20000	lw	r2,0(r29)
 1418  0000201c  8fdffff8	lw	r31,-8(r30)
 1419  00002020  001ee820	add	r29,r0,r30
 1420  00002024  8fdefffc	lw	r30,-4(r30)
 1421  00002028  4be00000	jr	r31
 1422  0000202c  54000000	nop
 1423  00002030          	.endproc _dindex
 1424  00002030          	.align 2
 1425  00002030          	.proc _ditoa
 1426  00002030          	.global _ditoa
 1427  00002030          	_ditoa:
 1428                      ;  Function 'ditoa'; 8 bytes of locals, 2 regs to save.
 1429  00002030  afbefffc	sw	-4(r29),r30; push fp
 1430  00002034  001df020	add	r30,r0,r29; fp = sp
 1431  00002038  afbffff8	sw	-8(r29),r31; push ret addr
 1432  0000203c  2fbd0018	subui	r29,r29,#24; alloc local storage
 1433  00002040  afa20000	sw	0(r29),r2
 1434  00002044  afa30004	sw	4(r29),r3
 1435  00002048  8fc10000	lw	r1,(r30)
 1436  0000204c  68220000	slti	r2,r1,#0
 1437  00002050  1040002c	beqz	r2,L60_LF2
 1438  00002054  54000000	nop; delay slot nop
 1439  00002058  8fc10004	lw	r1,4(r30)
 1440  0000205c  20220001	addi	r2,r1,#1
 1441  00002060  afc20004	sw	4(r30),r2
 1442  00002064  2002002d	addi	r2,r0,(#0x2d)&0xff
 1443  00002068  a0220000	sb	(r1),r2
 1444  0000206c  8fc10000	lw	r1,(r30)
 1445  00002070  00011022	sub	r2,r0,r1
 1446  00002074  afc20000	sw	(r30),r2
 1447  00002078  08000118	j	L61_LF2
 1448  0000207c  54000000	nop; delay slot nop
 1449  00002080          	L60_LF2:
 1450  00002080  8fc10000	lw	r1,(r30)
 1451  00002084  64220000	snei	r2,r1,#0
 1452  00002088  14400020	bnez	r2,L62_LF2
 1453  0000208c  54000000	nop; delay slot nop
 1454  00002090  8fc10004	lw	r1,4(r30)
 1455  00002094  20220001	addi	r2,r1,#1
 1456  00002098  afc20004	sw	4(r30),r2
 1457  0000209c  20020030	addi	r2,r0,(#0x30)&0xff
 1458  000020a0  a0220000	sb	(r1),r2
 1459  000020a4  080000ec	j	L61_LF2
 1460  000020a8  54000000	nop; delay slot nop
 1461  000020ac          	L62_LF2:
 1462  000020ac  20010001	addi	r1,r0,#1
 1463  000020b0  afc1fff4	sw	-12(r30),r1
 1464  000020b4          	L64_LF2:
 1465  000020b4  8fc1fff4	lw	r1,-12(r30)
 1466  000020b8  8fc20000	lw	r2,(r30)
 1467  000020bc  0022082c	sle	r1,r1,r2
 1468  000020c0  1420000c	bnez	r1,L66_LF2
 1469  000020c4  54000000	nop; delay slot nop
 1470  000020c8  08000024	j	L65_LF2
 1471  000020cc  54000000	nop; delay slot nop
 1472  000020d0          	L67_LF2:
 1473  000020d0          	L66_LF2:
 1474  000020d0  8fc1fff4	lw	r1,-12(r30)
 1475  000020d4  00011820	add	r3,r0,r1
 1476  000020d8  50620002	slli	r2,r3,#0x2
 1477  000020dc  00411020	add	r2,r2,r1
 1478  000020e0  50410001	slli	r1,r2,#0x1
 1479  000020e4  afc1fff4	sw	-12(r30),r1
 1480  000020e8  0bffffc8	j	L64_LF2
 1481  000020ec  54000000	nop; delay slot nop
 1482  000020f0          	L65_LF2:
 1483  000020f0  54000000	nop
 1484  000020f4          	L68_LF2:
 1485  000020f4  8fc1fff4	lw	r1,-12(r30)
 1486  000020f8  2002000a	addi	r2,r0,#10
 1487  000020fc  00200035	movi2fp	f0,r1
 1488  00002100  00400835	movi2fp	f1,r2
 1489  00002104  0401000f	div	f0,f0,f1
 1490  00002108  00000834	movfp2i	r1,f0
 1491  0000210c  afc1fff4	sw	-12(r30),r1
 1492  00002110  8fc10004	lw	r1,4(r30)
 1493  00002114  20220001	addi	r2,r1,#1
 1494  00002118  afc20004	sw	4(r30),r2
 1495  0000211c  8fc20000	lw	r2,(r30)
 1496  00002120  8fc3fff4	lw	r3,-12(r30)
 1497  00002124  00400035	movi2fp	f0,r2
 1498  00002128  00600835	movi2fp	f1,r3
 1499  0000212c  0401000f	div	f0,f0,f1
 1500  00002130  00001034	movfp2i	r2,f0
 1501  00002134  00021820	add	r3,r0,r2
 1502  00002138  20620030	addi	r2,r3,#48
 1503  0000213c  a0220000	sb	(r1),r2
 1504  00002140  8fc10000	lw	r1,(r30)
 1505  00002144  8fc3fff4	lw	r3,-12(r30)
 1506  00002148  00200035	movi2fp	f0,r1
 1507  0000214c  00600835	movi2fp	f1,r3
 1508  00002150  0401000f	div	f0,f0,f1
 1509  00002154  00001034	movfp2i	r2,f0
 1510  00002158  8fc3fff4	lw	r3,-12(r30)
 1511  0000215c  00400035	movi2fp	f0,r2
 1512  00002160  00600835	movi2fp	f1,r3
 1513  00002164  0401000e	mult	f0,f0,f1
 1514  00002168  00001034	movfp2i	r2,f0
 1515  0000216c  00220822	sub	r1,r1,r2
 1516  00002170  afc10000	sw	(r30),r1
 1517  00002174          	L70_LF2:
 1518  00002174  8fc1fff4	lw	r1,-12(r30)
 1519  00002178  6c220001	sgti	r2,r1,#1
 1520  0000217c  1440000c	bnez	r2,L71_LF2
 1521  00002180  54000000	nop; delay slot nop
 1522  00002184  0800000c	j	L61_LF2
 1523  00002188  54000000	nop; delay slot nop
 1524  0000218c          	L71_LF2:
 1525  0000218c  0bffff64	j	L68_LF2
 1526  00002190  54000000	nop; delay slot nop
 1527  00002194          	L69_LF2:
 1528  00002194          	L63_LF2:
 1529  00002194          	L61_LF2:
 1530  00002194  8fc10004	lw	r1,4(r30)
 1531  00002198  20020000	addi	r2,r0,(#0x0)&0xff
 1532  0000219c  a0220000	sb	(r1),r2
 1533  000021a0          	L59_LF2:
 1534  000021a0  8fa20000	lw	r2,0(r29)
 1535  000021a4  8fa30004	lw	r3,4(r29)
 1536  000021a8  8fdffff8	lw	r31,-8(r30)
 1537  000021ac  001ee820	add	r29,r0,r30
 1538  000021b0  8fdefffc	lw	r30,-4(r30)
 1539  000021b4  4be00000	jr	r31
 1540  000021b8  54000000	nop
 1541  000021bc          	.endproc _ditoa
 1542  000021bc          	.align 2
 1543  000021bc          	.proc _dstrtol
 1544  000021bc          	.global _dstrtol
 1545  000021bc          	_dstrtol:
 1546                      ;  Function 'dstrtol'; 16 bytes of locals, 1 regs to save.
 1547  000021bc  afbefffc	sw	-4(r29),r30; push fp
 1548  000021c0  001df020	add	r30,r0,r29; fp = sp
 1549  000021c4  afbffff8	sw	-8(r29),r31; push ret addr
 1550  000021c8  2fbd0020	subui	r29,r29,#32; alloc local storage
 1551  000021cc  afa20000	sw	0(r29),r2
 1552  000021d0  20010000	addi	r1,r0,#0
 1553  000021d4  afc1fff4	sw	-12(r30),r1
 1554  000021d8          	L73_LF2:
 1555  000021d8  8fc10000	lw	r1,(r30)
 1556  000021dc  90220000	lbu	r2,(r1)
 1557  000021e0  60410020	seqi	r1,r2,#32
 1558  000021e4  14200034	bnez	r1,L75_LF2
 1559  000021e8  54000000	nop; delay slot nop
 1560  000021ec  8fc10000	lw	r1,(r30)
 1561  000021f0  90220000	lbu	r2,(r1)
 1562  000021f4  60410009	seqi	r1,r2,#9
 1563  000021f8  14200020	bnez	r1,L75_LF2
 1564  000021fc  54000000	nop; delay slot nop
 1565  00002200  8fc10000	lw	r1,(r30)
 1566  00002204  90220000	lbu	r2,(r1)
 1567  00002208  6041000a	seqi	r1,r2,#10
 1568  0000220c  1420000c	bnez	r1,L75_LF2
 1569  00002210  54000000	nop; delay slot nop
 1570  00002214  0800001c	j	L74_LF2
 1571  00002218  54000000	nop; delay slot nop
 1572  0000221c          	L75_LF2:
 1573  0000221c  8fc20000	lw	r2,(r30)
 1574  00002220  20410001	addi	r1,r2,#1
 1575  00002224  00011020	add	r2,r0,r1
 1576  00002228  afc20000	sw	(r30),r2
 1577  0000222c  0bffffa8	j	L73_LF2
 1578  00002230  54000000	nop; delay slot nop
 1579  00002234          	L74_LF2:
 1580  00002234  8fc10004	lw	r1,4(r30)
 1581  00002238  64220000	snei	r2,r1,#0
 1582  0000223c  10400010	beqz	r2,L76_LF2
 1583  00002240  54000000	nop; delay slot nop
 1584  00002244  8fc10004	lw	r1,4(r30)
 1585  00002248  8fc20000	lw	r2,(r30)
 1586  0000224c  ac220000	sw	(r1),r2
 1587  00002250          	L76_LF2:
 1588  00002250  8fc10000	lw	r1,(r30)
 1589  00002254  90220000	lbu	r2,(r1)
 1590  00002258  64410000	snei	r1,r2,#0
 1591  0000225c  14200010	bnez	r1,L77_LF2
 1592  00002260  54000000	nop; delay slot nop
 1593  00002264  8fc1fff4	lw	r1,-12(r30)
 1594  00002268  08000294	j	L72_LF2
 1595  0000226c  54000000	nop; delay slot nop
 1596  00002270          	L77_LF2:
 1597  00002270  8fc10000	lw	r1,(r30)
 1598  00002274  90220000	lbu	r2,(r1)
 1599  00002278  6041002d	seqi	r1,r2,#45
 1600  0000227c  10200024	beqz	r1,L78_LF2
 1601  00002280  54000000	nop; delay slot nop
 1602  00002284  2001ffff	addi	r1,r0,#-1
 1603  00002288  afc1ffec	sw	-20(r30),r1
 1604  0000228c  8fc20000	lw	r2,(r30)
 1605  00002290  20410001	addi	r1,r2,#1
 1606  00002294  00011020	add	r2,r0,r1
 1607  00002298  afc20000	sw	(r30),r2
 1608  0000229c  0800000c	j	L79_LF2
 1609  000022a0  54000000	nop; delay slot nop
 1610  000022a4          	L78_LF2:
 1611  000022a4  20010001	addi	r1,r0,#1
 1612  000022a8  afc1ffec	sw	-20(r30),r1
 1613  000022ac          	L79_LF2:
 1614  000022ac  8fc10008	lw	r1,8(r30)
 1615  000022b0  64220000	snei	r2,r1,#0
 1616  000022b4  14400090	bnez	r2,L80_LF2
 1617  000022b8  54000000	nop; delay slot nop
 1618  000022bc  8fc10000	lw	r1,(r30)
 1619  000022c0  90220000	lbu	r2,(r1)
 1620  000022c4  60410030	seqi	r1,r2,#48
 1621  000022c8  10200074	beqz	r1,L81_LF2
 1622  000022cc  54000000	nop; delay slot nop
 1623  000022d0  8fc20000	lw	r2,(r30)
 1624  000022d4  20410001	addi	r1,r2,#1
 1625  000022d8  00011020	add	r2,r0,r1
 1626  000022dc  afc20000	sw	(r30),r2
 1627  000022e0  8fc10000	lw	r1,(r30)
 1628  000022e4  90220000	lbu	r2,(r1)
 1629  000022e8  60410078	seqi	r1,r2,#120
 1630  000022ec  14200020	bnez	r1,L83_LF2
 1631  000022f0  54000000	nop; delay slot nop
 1632  000022f4  8fc10000	lw	r1,(r30)
 1633  000022f8  90220000	lbu	r2,(r1)
 1634  000022fc  60410058	seqi	r1,r2,#88
 1635  00002300  1420000c	bnez	r1,L83_LF2
 1636  00002304  54000000	nop; delay slot nop
 1637  00002308  08000024	j	L82_LF2
 1638  0000230c  54000000	nop; delay slot nop
 1639  00002310          	L83_LF2:
 1640  00002310  20010010	addi	r1,r0,#16
 1641  00002314  afc10008	sw	8(r30),r1
 1642  00002318  8fc20000	lw	r2,(r30)
 1643  0000231c  20410001	addi	r1,r2,#1
 1644  00002320  00011020	add	r2,r0,r1
 1645  00002324  afc20000	sw	(r30),r2
 1646  00002328  0800000c	j	L84_LF2
 1647  0000232c  54000000	nop; delay slot nop
 1648  00002330          	L82_LF2:
 1649  00002330  20010008	addi	r1,r0,#8
 1650  00002334  afc10008	sw	8(r30),r1
 1651  00002338          	L84_LF2:
 1652  00002338  0800000c	j	L80_LF2
 1653  0000233c  54000000	nop; delay slot nop
 1654  00002340          	L81_LF2:
 1655  00002340  2001000a	addi	r1,r0,#10
 1656  00002344  afc10008	sw	8(r30),r1
 1657  00002348          	L85_LF2:
 1658  00002348          	L80_LF2:
 1659  00002348  8fc10008	lw	r1,8(r30)
 1660  0000234c  70220000	slei	r2,r1,#0
 1661  00002350  1440001c	bnez	r2,L87_LF2
 1662  00002354  54000000	nop; delay slot nop
 1663  00002358  8fc10008	lw	r1,8(r30)
 1664  0000235c  6c220010	sgti	r2,r1,#16
 1665  00002360  1440000c	bnez	r2,L87_LF2
 1666  00002364  54000000	nop; delay slot nop
 1667  00002368  08000010	j	L86_LF2
 1668  0000236c  54000000	nop; delay slot nop
 1669  00002370          	L87_LF2:
 1670  00002370  8fc1fff4	lw	r1,-12(r30)
 1671  00002374  08000188	j	L72_LF2
 1672  00002378  54000000	nop; delay slot nop
 1673  0000237c          	L86_LF2:
 1674  0000237c  54000000	nop
 1675  00002380          	L88_LF2:
 1676  00002380  8fc10000	lw	r1,(r30)
 1677  00002384  90220000	lbu	r2,(r1)
 1678  00002388  6c41002f	sgtui	r1,r2,#47
 1679  0000238c  10200030	beqz	r1,L91_LF2
 1680  00002390  54000000	nop; delay slot nop
 1681  00002394  8fc10000	lw	r1,(r30)
 1682  00002398  90220000	lbu	r2,(r1)
 1683  0000239c  70410039	sleui	r1,r2,#57
 1684  000023a0  1020001c	beqz	r1,L91_LF2
 1685  000023a4  54000000	nop; delay slot nop
 1686  000023a8  8fc10000	lw	r1,(r30)
 1687  000023ac  90220000	lbu	r2,(r1)
 1688  000023b0  2041ffd0	addi	r1,r2,#-48
 1689  000023b4  afc1fff0	sw	-16(r30),r1
 1690  000023b8  0800008c	j	L92_LF2
 1691  000023bc  54000000	nop; delay slot nop
 1692  000023c0          	L91_LF2:
 1693  000023c0  8fc10000	lw	r1,(r30)
 1694  000023c4  90220000	lbu	r2,(r1)
 1695  000023c8  6c410060	sgtui	r1,r2,#96
 1696  000023cc  10200030	beqz	r1,L93_LF2
 1697  000023d0  54000000	nop; delay slot nop
 1698  000023d4  8fc10000	lw	r1,(r30)
 1699  000023d8  90220000	lbu	r2,(r1)
 1700  000023dc  7041007a	sleui	r1,r2,#122
 1701  000023e0  1020001c	beqz	r1,L93_LF2
 1702  000023e4  54000000	nop; delay slot nop
 1703  000023e8  8fc10000	lw	r1,(r30)
 1704  000023ec  90220000	lbu	r2,(r1)
 1705  000023f0  2041ffa9	addi	r1,r2,#-87
 1706  000023f4  afc1fff0	sw	-16(r30),r1
 1707  000023f8  0800004c	j	L92_LF2
 1708  000023fc  54000000	nop; delay slot nop
 1709  00002400          	L93_LF2:
 1710  00002400  8fc10000	lw	r1,(r30)
 1711  00002404  90220000	lbu	r2,(r1)
 1712  00002408  6c410040	sgtui	r1,r2,#64
 1713  0000240c  10200030	beqz	r1,L95_LF2
 1714  00002410  54000000	nop; delay slot nop
 1715  00002414  8fc10000	lw	r1,(r30)
 1716  00002418  90220000	lbu	r2,(r1)
 1717  0000241c  7041005a	sleui	r1,r2,#90
 1718  00002420  1020001c	beqz	r1,L95_LF2
 1719  00002424  54000000	nop; delay slot nop
 1720  00002428  8fc10000	lw	r1,(r30)
 1721  0000242c  90220000	lbu	r2,(r1)
 1722  00002430  2041ffc9	addi	r1,r2,#-55
 1723  00002434  afc1fff0	sw	-16(r30),r1
 1724  00002438  0800000c	j	L92_LF2
 1725  0000243c  54000000	nop; delay slot nop
 1726  00002440          	L95_LF2:
 1727  00002440  200103e8	addi	r1,r0,#1000
 1728  00002444  afc1fff0	sw	-16(r30),r1
 1729  00002448          	L96_LF2:
 1730  00002448          	L94_LF2:
 1731  00002448          	L92_LF2:
 1732  00002448  8fc1fff0	lw	r1,-16(r30)
 1733  0000244c  8fc20008	lw	r2,8(r30)
 1734  00002450  0022082a	slt	r1,r1,r2
 1735  00002454  10200040	beqz	r1,L90_LF2
 1736  00002458  54000000	nop; delay slot nop
 1737  0000245c  8fc1fff4	lw	r1,-12(r30)
 1738  00002460  8fc20008	lw	r2,8(r30)
 1739  00002464  00200035	movi2fp	f0,r1
 1740  00002468  00400835	movi2fp	f1,r2
 1741  0000246c  0401000e	mult	f0,f0,f1
 1742  00002470  00000834	movfp2i	r1,f0
 1743  00002474  afc1fff4	sw	-12(r30),r1
 1744  00002478  8fc1fff4	lw	r1,-12(r30)
 1745  0000247c  8fc2fff0	lw	r2,-16(r30)
 1746  00002480  00220820	add	r1,r1,r2
 1747  00002484  afc1fff4	sw	-12(r30),r1
 1748  00002488  8fc20000	lw	r2,(r30)
 1749  0000248c  20410001	addi	r1,r2,#1
 1750  00002490  00011020	add	r2,r0,r1
 1751  00002494  afc20000	sw	(r30),r2
 1752  00002498          	L97_LF2:
 1753  00002498          	L90_LF2:
 1754  00002498  8fc1fff0	lw	r1,-16(r30)
 1755  0000249c  8fc20008	lw	r2,8(r30)
 1756  000024a0  0022082a	slt	r1,r1,r2
 1757  000024a4  1420000c	bnez	r1,L98_LF2
 1758  000024a8  54000000	nop; delay slot nop
 1759  000024ac  0800000c	j	L89_LF2
 1760  000024b0  54000000	nop; delay slot nop
 1761  000024b4          	L98_LF2:
 1762  000024b4  0bfffec8	j	L88_LF2
 1763  000024b8  54000000	nop; delay slot nop
 1764  000024bc          	L89_LF2:
 1765  000024bc  8fc10004	lw	r1,4(r30)
 1766  000024c0  64220000	snei	r2,r1,#0
 1767  000024c4  10400010	beqz	r2,L99_LF2
 1768  000024c8  54000000	nop; delay slot nop
 1769  000024cc  8fc10004	lw	r1,4(r30)
 1770  000024d0  8fc20000	lw	r2,(r30)
 1771  000024d4  ac220000	sw	(r1),r2
 1772  000024d8          	L99_LF2:
 1773  000024d8  8fc1fff4	lw	r1,-12(r30)
 1774  000024dc  8fc2ffec	lw	r2,-20(r30)
 1775  000024e0  00200035	movi2fp	f0,r1
 1776  000024e4  00400835	movi2fp	f1,r2
 1777  000024e8  0401000e	mult	f0,f0,f1
 1778  000024ec  00000834	movfp2i	r1,f0
 1779  000024f0  afc1fff4	sw	-12(r30),r1
 1780  000024f4  8fc1fff4	lw	r1,-12(r30)
 1781  000024f8  08000004	j	L72_LF2
 1782  000024fc  54000000	nop; delay slot nop
 1783  00002500          	L72_LF2:
 1784  00002500  8fa20000	lw	r2,0(r29)
 1785  00002504  8fdffff8	lw	r31,-8(r30)
 1786  00002508  001ee820	add	r29,r0,r30
 1787  0000250c  8fdefffc	lw	r30,-4(r30)
 1788  00002510  4be00000	jr	r31
 1789  00002514  54000000	nop
 1790  00002518          	.endproc _dstrtol
 1791  00002518          	.align 2
 1792  00002518          	.proc _bcopy
 1793  00002518          	.global _bcopy
 1794  00002518          	_bcopy:
 1795                      ;  Function 'bcopy'; 0 bytes of locals, 2 regs to save.
 1796  00002518  afbefffc	sw	-4(r29),r30; push fp
 1797  0000251c  001df020	add	r30,r0,r29; fp = sp
 1798  00002520  afbffff8	sw	-8(r29),r31; push ret addr
 1799  00002524  2fbd0010	subui	r29,r29,#16; alloc local storage
 1800  00002528  afa20000	sw	0(r29),r2
 1801  0000252c  afa30004	sw	4(r29),r3
 1802  00002530  54000000	nop
 1803  00002534          	L101_LF2:
 1804  00002534  8fc10008	lw	r1,8(r30)
 1805  00002538  2022ffff	addi	r2,r1,#-1
 1806  0000253c  afc20008	sw	8(r30),r2
 1807  00002540  6c210000	sgti	r1,r1,#0
 1808  00002544  1420000c	bnez	r1,L103_LF2
 1809  00002548  54000000	nop; delay slot nop
 1810  0000254c  0800002c	j	L102_LF2
 1811  00002550  54000000	nop; delay slot nop
 1812  00002554          	L103_LF2:
 1813  00002554  8fc10004	lw	r1,4(r30)
 1814  00002558  20220001	addi	r2,r1,#1
 1815  0000255c  afc20004	sw	4(r30),r2
 1816  00002560  8fc20000	lw	r2,(r30)
 1817  00002564  20430001	addi	r3,r2,#1
 1818  00002568  afc30000	sw	(r30),r3
 1819  0000256c  80420000	lb	r2,(r2)
 1820  00002570  a0220000	sb	(r1),r2
 1821  00002574  0bffffbc	j	L101_LF2
 1822  00002578  54000000	nop; delay slot nop
 1823  0000257c          	L102_LF2:
 1824  0000257c          	L100_LF2:
 1825  0000257c  8fa20000	lw	r2,0(r29)
 1826  00002580  8fa30004	lw	r3,4(r29)
 1827  00002584  8fdffff8	lw	r31,-8(r30)
 1828  00002588  001ee820	add	r29,r0,r30
 1829  0000258c  8fdefffc	lw	r30,-4(r30)
 1830  00002590  4be00000	jr	r31
 1831  00002594  54000000	nop
 1832  00002598          	.endproc _bcopy
 1833  00002598          	.align 2
 1834  00002598          	.proc _bzero
 1835  00002598          	.global _bzero
 1836  00002598          	_bzero:
 1837                      ;  Function 'bzero'; 0 bytes of locals, 1 regs to save.
 1838  00002598  afbefffc	sw	-4(r29),r30; push fp
 1839  0000259c  001df020	add	r30,r0,r29; fp = sp
 1840  000025a0  afbffff8	sw	-8(r29),r31; push ret addr
 1841  000025a4  2fbd0010	subui	r29,r29,#16; alloc local storage
 1842  000025a8  afa20000	sw	0(r29),r2
 1843  000025ac  54000000	nop
 1844  000025b0          	L105_LF2:
 1845  000025b0  8fc10004	lw	r1,4(r30)
 1846  000025b4  2022ffff	addi	r2,r1,#-1
 1847  000025b8  afc20004	sw	4(r30),r2
 1848  000025bc  6c210000	sgti	r1,r1,#0
 1849  000025c0  1420000c	bnez	r1,L107_LF2
 1850  000025c4  54000000	nop; delay slot nop
 1851  000025c8  08000020	j	L106_LF2
 1852  000025cc  54000000	nop; delay slot nop
 1853  000025d0          	L107_LF2:
 1854  000025d0  8fc10000	lw	r1,(r30)
 1855  000025d4  20220001	addi	r2,r1,#1
 1856  000025d8  afc20000	sw	(r30),r2
 1857  000025dc  20020000	addi	r2,r0,(#0x0)&0xff
 1858  000025e0  a0220000	sb	(r1),r2
 1859  000025e4  0bffffc8	j	L105_LF2
 1860  000025e8  54000000	nop; delay slot nop
 1861  000025ec          	L106_LF2:
 1862  000025ec          	L104_LF2:
 1863  000025ec  8fa20000	lw	r2,0(r29)
 1864  000025f0  8fdffff8	lw	r31,-8(r30)
 1865  000025f4  001ee820	add	r29,r0,r30
 1866  000025f8  8fdefffc	lw	r30,-4(r30)
 1867  000025fc  4be00000	jr	r31
 1868  00002600  54000000	nop
 1869  00002604          	.endproc _bzero
 1870  00002604          	.align 2
 1871  00002604          	.proc _min
 1872  00002604          	.global _min
 1873  00002604          	_min:
 1874                      ;  Function 'min'; 0 bytes of locals, 2 regs to save.
 1875  00002604  afbefffc	sw	-4(r29),r30; push fp
 1876  00002608  001df020	add	r30,r0,r29; fp = sp
 1877  0000260c  afbffff8	sw	-8(r29),r31; push ret addr
 1878  00002610  2fbd0010	subui	r29,r29,#16; alloc local storage
 1879  00002614  afa20000	sw	0(r29),r2
 1880  00002618  afa30004	sw	4(r29),r3
 1881  0000261c  8fc10000	lw	r1,(r30)
 1882  00002620  8fc20004	lw	r2,4(r30)
 1883  00002624  0022182c	sle	r3,r1,r2
 1884  00002628  14600008	bnez	r3,L109_LF2
 1885  0000262c  54000000	nop; delay slot nop
 1886  00002630  8fc10004	lw	r1,4(r30)
 1887  00002634          	L109_LF2:
 1888  00002634  08000004	j	L108_LF2
 1889  00002638  54000000	nop; delay slot nop
 1890  0000263c          	L108_LF2:
 1891  0000263c  8fa20000	lw	r2,0(r29)
 1892  00002640  8fa30004	lw	r3,4(r29)
 1893  00002644  8fdffff8	lw	r31,-8(r30)
 1894  00002648  001ee820	add	r29,r0,r30
 1895  0000264c  8fdefffc	lw	r30,-4(r30)
 1896  00002650  4be00000	jr	r31
 1897  00002654  54000000	nop
 1898  00002658          	.endproc _min
 1899  00002658          	.align 2
 1900  00002658          	.proc _max
 1901  00002658          	.global _max
 1902  00002658          	_max:
 1903                      ;  Function 'max'; 0 bytes of locals, 2 regs to save.
 1904  00002658  afbefffc	sw	-4(r29),r30; push fp
 1905  0000265c  001df020	add	r30,r0,r29; fp = sp
 1906  00002660  afbffff8	sw	-8(r29),r31; push ret addr
 1907  00002664  2fbd0010	subui	r29,r29,#16; alloc local storage
 1908  00002668  afa20000	sw	0(r29),r2
 1909  0000266c  afa30004	sw	4(r29),r3
 1910  00002670  8fc10000	lw	r1,(r30)
 1911  00002674  8fc20004	lw	r2,4(r30)
 1912  00002678  0022182d	sge	r3,r1,r2
 1913  0000267c  14600008	bnez	r3,L111_LF2
 1914  00002680  54000000	nop; delay slot nop
 1915  00002684  8fc10004	lw	r1,4(r30)
 1916  00002688          	L111_LF2:
 1917  00002688  08000004	j	L110_LF2
 1918  0000268c  54000000	nop; delay slot nop
 1919  00002690          	L110_LF2:
 1920  00002690  8fa20000	lw	r2,0(r29)
 1921  00002694  8fa30004	lw	r3,4(r29)
 1922  00002698  8fdffff8	lw	r31,-8(r30)
 1923  0000269c  001ee820	add	r29,r0,r30
 1924  000026a0  8fdefffc	lw	r30,-4(r30)
 1925  000026a4  4be00000	jr	r31
 1926  000026a8  54000000	nop
 1927  000026ac          	.endproc _max
 1928                      ;;; Ethan L. Miller, 1999.  Released to the public domain
 1929                      ;;;
 1930                      ;;; Most of the traps are called in files from libtraps.
 1933  000026ac          	.align 2
 1934  000026ac          	.proc _exit
 1935  000026ac          	.global _exit
 1936  000026ac          	_exit:
 1937  000026ac  44000300	trap	#0x300
 1938  000026b0  4be00000	jr	r31
 1939  000026b4  54000000	nop
 1940  000026b8          	.endproc _exit
 1942                      ; for the benefit of gcc.
 1943  000026b8          	.proc ___main
 1944  000026b8          	.global ___main
 1945  000026b8          	___main:
 1946  000026b8  4be00000	jr	r31
 1947  000026bc  54000000	nop
 1948  000026c0          	.endproc ___main
 1949  000026c0          	.text
 1950  000026c0          	.global _etext
 1951  000026c0          	_etext:
 1952  000026c0          	.align 3
 1953  000026c0          	.data
 1954  000031d8          	.global _edata
 1955  000031d8          	_edata:
